2012/04/13 21:44:48 [error] [php] include(Oauth.php) [<a href='function.include'>function.include</a>]: failed to open stream: No such file or directory (D:\wnmp\htdocs\yiioauth\yii-1.1.10\YiiBase.php:418)
Stack trace:
#0 D:\wnmp\htdocs\yiioauth\protected\controllers\SiteController.php(33): spl_autoload_call()
#1 D:\wnmp\htdocs\yiioauth\yii-1.1.10\web\actions\CInlineAction.php(50): SiteController->actionIndex()
#2 D:\wnmp\htdocs\yiioauth\yii-1.1.10\web\CController.php(309): CInlineAction->runWithParams()
#3 D:\wnmp\htdocs\yiioauth\yii-1.1.10\web\CController.php(287): SiteController->runAction()
#4 D:\wnmp\htdocs\yiioauth\yii-1.1.10\web\CController.php(266): SiteController->runActionWithFilters()
#5 D:\wnmp\htdocs\yiioauth\yii-1.1.10\web\CWebApplication.php(276): SiteController->run()
#6 D:\wnmp\htdocs\yiioauth\yii-1.1.10\web\CWebApplication.php(135): CWebApplication->runController()
#7 D:\wnmp\htdocs\yiioauth\yii-1.1.10\base\CApplication.php(162): CWebApplication->processRequest()
#8 D:\wnmp\htdocs\yiioauth\index.php(13): CWebApplication->run()
REQUEST_URI=/yiioauth/
in D:\wnmp\htdocs\yiioauth\protected\controllers\SiteController.php (33)
in D:\wnmp\htdocs\yiioauth\index.php (13)
2012/04/13 21:52:33 [error] [php] Use of undefined constant MODULES_ROOT - assumed 'MODULES_ROOT' (D:\wnmp\htdocs\yiioauth\protected\components\opent\Opent.php:2)
Stack trace:
#0 D:\wnmp\htdocs\yiioauth\protected\controllers\SiteController.php(33): spl_autoload_call()
#1 D:\wnmp\htdocs\yiioauth\yii-1.1.10\web\actions\CInlineAction.php(50): SiteController->actionIndex()
#2 D:\wnmp\htdocs\yiioauth\yii-1.1.10\web\CController.php(309): CInlineAction->runWithParams()
#3 D:\wnmp\htdocs\yiioauth\yii-1.1.10\web\CController.php(287): SiteController->runAction()
#4 D:\wnmp\htdocs\yiioauth\yii-1.1.10\web\CController.php(266): SiteController->runActionWithFilters()
#5 D:\wnmp\htdocs\yiioauth\yii-1.1.10\web\CWebApplication.php(276): SiteController->run()
#6 D:\wnmp\htdocs\yiioauth\yii-1.1.10\web\CWebApplication.php(135): CWebApplication->runController()
#7 D:\wnmp\htdocs\yiioauth\yii-1.1.10\base\CApplication.php(162): CWebApplication->processRequest()
#8 D:\wnmp\htdocs\yiioauth\index.php(13): CWebApplication->run()
REQUEST_URI=/yiioauth/
in D:\wnmp\htdocs\yiioauth\protected\components\opent\Opent.php (2)
in D:\wnmp\htdocs\yiioauth\protected\controllers\SiteController.php (33)
in D:\wnmp\htdocs\yiioauth\index.php (13)
2012/04/13 21:55:27 [error] [php] Use of undefined constant OAUTH_ROOT - assumed 'OAUTH_ROOT' (D:\wnmp\htdocs\yiioauth\protected\components\opent\OpentSina.php:2)
Stack trace:
#0 D:\wnmp\htdocs\yiioauth\protected\controllers\SiteController.php(33): spl_autoload_call()
#1 D:\wnmp\htdocs\yiioauth\yii-1.1.10\web\actions\CInlineAction.php(50): SiteController->actionIndex()
#2 D:\wnmp\htdocs\yiioauth\yii-1.1.10\web\CController.php(309): CInlineAction->runWithParams()
#3 D:\wnmp\htdocs\yiioauth\yii-1.1.10\web\CController.php(287): SiteController->runAction()
#4 D:\wnmp\htdocs\yiioauth\yii-1.1.10\web\CController.php(266): SiteController->runActionWithFilters()
#5 D:\wnmp\htdocs\yiioauth\yii-1.1.10\web\CWebApplication.php(276): SiteController->run()
#6 D:\wnmp\htdocs\yiioauth\yii-1.1.10\web\CWebApplication.php(135): CWebApplication->runController()
#7 D:\wnmp\htdocs\yiioauth\yii-1.1.10\base\CApplication.php(162): CWebApplication->processRequest()
#8 D:\wnmp\htdocs\yiioauth\index.php(13): CWebApplication->run()
REQUEST_URI=/yiioauth/
in D:\wnmp\htdocs\yiioauth\protected\components\opent\OpentSina.php (2)
in D:\wnmp\htdocs\yiioauth\protected\controllers\SiteController.php (33)
in D:\wnmp\htdocs\yiioauth\index.php (13)
2012/04/13 21:55:28 [error] [php] Use of undefined constant OAUTH_ROOT - assumed 'OAUTH_ROOT' (D:\wnmp\htdocs\yiioauth\protected\components\opent\OpentSina.php:2)
Stack trace:
#0 D:\wnmp\htdocs\yiioauth\protected\controllers\SiteController.php(33): spl_autoload_call()
#1 D:\wnmp\htdocs\yiioauth\yii-1.1.10\web\actions\CInlineAction.php(50): SiteController->actionIndex()
#2 D:\wnmp\htdocs\yiioauth\yii-1.1.10\web\CController.php(309): CInlineAction->runWithParams()
#3 D:\wnmp\htdocs\yiioauth\yii-1.1.10\web\CController.php(287): SiteController->runAction()
#4 D:\wnmp\htdocs\yiioauth\yii-1.1.10\web\CController.php(266): SiteController->runActionWithFilters()
#5 D:\wnmp\htdocs\yiioauth\yii-1.1.10\web\CWebApplication.php(276): SiteController->run()
#6 D:\wnmp\htdocs\yiioauth\yii-1.1.10\web\CWebApplication.php(135): CWebApplication->runController()
#7 D:\wnmp\htdocs\yiioauth\yii-1.1.10\base\CApplication.php(162): CWebApplication->processRequest()
#8 D:\wnmp\htdocs\yiioauth\index.php(13): CWebApplication->run()
REQUEST_URI=/yiioauth/
in D:\wnmp\htdocs\yiioauth\protected\components\opent\OpentSina.php (2)
in D:\wnmp\htdocs\yiioauth\protected\controllers\SiteController.php (33)
in D:\wnmp\htdocs\yiioauth\index.php (13)
2012/04/13 21:55:29 [error] [php] Use of undefined constant OAUTH_ROOT - assumed 'OAUTH_ROOT' (D:\wnmp\htdocs\yiioauth\protected\components\opent\OpentSina.php:2)
Stack trace:
#0 D:\wnmp\htdocs\yiioauth\protected\controllers\SiteController.php(33): spl_autoload_call()
#1 D:\wnmp\htdocs\yiioauth\yii-1.1.10\web\actions\CInlineAction.php(50): SiteController->actionIndex()
#2 D:\wnmp\htdocs\yiioauth\yii-1.1.10\web\CController.php(309): CInlineAction->runWithParams()
#3 D:\wnmp\htdocs\yiioauth\yii-1.1.10\web\CController.php(287): SiteController->runAction()
#4 D:\wnmp\htdocs\yiioauth\yii-1.1.10\web\CController.php(266): SiteController->runActionWithFilters()
#5 D:\wnmp\htdocs\yiioauth\yii-1.1.10\web\CWebApplication.php(276): SiteController->run()
#6 D:\wnmp\htdocs\yiioauth\yii-1.1.10\web\CWebApplication.php(135): CWebApplication->runController()
#7 D:\wnmp\htdocs\yiioauth\yii-1.1.10\base\CApplication.php(162): CWebApplication->processRequest()
#8 D:\wnmp\htdocs\yiioauth\index.php(13): CWebApplication->run()
REQUEST_URI=/yiioauth/
in D:\wnmp\htdocs\yiioauth\protected\components\opent\OpentSina.php (2)
in D:\wnmp\htdocs\yiioauth\protected\controllers\SiteController.php (33)
in D:\wnmp\htdocs\yiioauth\index.php (13)
2012/04/13 21:55:30 [error] [php] Use of undefined constant OAUTH_ROOT - assumed 'OAUTH_ROOT' (D:\wnmp\htdocs\yiioauth\protected\components\opent\OpentSina.php:2)
Stack trace:
#0 D:\wnmp\htdocs\yiioauth\protected\controllers\SiteController.php(33): spl_autoload_call()
#1 D:\wnmp\htdocs\yiioauth\yii-1.1.10\web\actions\CInlineAction.php(50): SiteController->actionIndex()
#2 D:\wnmp\htdocs\yiioauth\yii-1.1.10\web\CController.php(309): CInlineAction->runWithParams()
#3 D:\wnmp\htdocs\yiioauth\yii-1.1.10\web\CController.php(287): SiteController->runAction()
#4 D:\wnmp\htdocs\yiioauth\yii-1.1.10\web\CController.php(266): SiteController->runActionWithFilters()
#5 D:\wnmp\htdocs\yiioauth\yii-1.1.10\web\CWebApplication.php(276): SiteController->run()
#6 D:\wnmp\htdocs\yiioauth\yii-1.1.10\web\CWebApplication.php(135): CWebApplication->runController()
#7 D:\wnmp\htdocs\yiioauth\yii-1.1.10\base\CApplication.php(162): CWebApplication->processRequest()
#8 D:\wnmp\htdocs\yiioauth\index.php(13): CWebApplication->run()
REQUEST_URI=/yiioauth/
in D:\wnmp\htdocs\yiioauth\protected\components\opent\OpentSina.php (2)
in D:\wnmp\htdocs\yiioauth\protected\controllers\SiteController.php (33)
in D:\wnmp\htdocs\yiioauth\index.php (13)
2012/04/13 21:56:33 [error] [php] include(WeiboClient.php) [<a href='function.include'>function.include</a>]: failed to open stream: No such file or directory (D:\wnmp\htdocs\yiioauth\yii-1.1.10\YiiBase.php:418)
Stack trace:
#0 D:\wnmp\htdocs\yiioauth\protected\components\opent\OpentSina.php(7): spl_autoload_call()
#1 D:\wnmp\htdocs\yiioauth\yii-1.1.10\YiiBase.php(418): include()
#2 unknown(0): autoload()
#3 D:\wnmp\htdocs\yiioauth\protected\controllers\SiteController.php(33): spl_autoload_call()
#4 D:\wnmp\htdocs\yiioauth\yii-1.1.10\web\actions\CInlineAction.php(50): SiteController->actionIndex()
#5 D:\wnmp\htdocs\yiioauth\yii-1.1.10\web\CController.php(309): CInlineAction->runWithParams()
#6 D:\wnmp\htdocs\yiioauth\yii-1.1.10\web\CController.php(287): SiteController->runAction()
#7 D:\wnmp\htdocs\yiioauth\yii-1.1.10\web\CController.php(266): SiteController->runActionWithFilters()
#8 D:\wnmp\htdocs\yiioauth\yii-1.1.10\web\CWebApplication.php(276): SiteController->run()
#9 D:\wnmp\htdocs\yiioauth\yii-1.1.10\web\CWebApplication.php(135): CWebApplication->runController()
#10 D:\wnmp\htdocs\yiioauth\yii-1.1.10\base\CApplication.php(162): CWebApplication->processRequest()
#11 D:\wnmp\htdocs\yiioauth\index.php(13): CWebApplication->run()
REQUEST_URI=/yiioauth/
in D:\wnmp\htdocs\yiioauth\protected\components\opent\OpentSina.php (7)
in D:\wnmp\htdocs\yiioauth\protected\controllers\SiteController.php (33)
in D:\wnmp\htdocs\yiioauth\index.php (13)
2012/04/13 21:57:48 [error] [php] include(WeiboClient.php) [<a href='function.include'>function.include</a>]: failed to open stream: No such file or directory (D:\wnmp\htdocs\yiioauth\yii-1.1.10\YiiBase.php:418)
Stack trace:
#0 D:\wnmp\htdocs\yiioauth\protected\components\opent\OpentSina.php(7): spl_autoload_call()
#1 D:\wnmp\htdocs\yiioauth\yii-1.1.10\YiiBase.php(418): include()
#2 unknown(0): autoload()
#3 D:\wnmp\htdocs\yiioauth\protected\controllers\SiteController.php(33): spl_autoload_call()
#4 D:\wnmp\htdocs\yiioauth\yii-1.1.10\web\actions\CInlineAction.php(50): SiteController->actionIndex()
#5 D:\wnmp\htdocs\yiioauth\yii-1.1.10\web\CController.php(309): CInlineAction->runWithParams()
#6 D:\wnmp\htdocs\yiioauth\yii-1.1.10\web\CController.php(287): SiteController->runAction()
#7 D:\wnmp\htdocs\yiioauth\yii-1.1.10\web\CController.php(266): SiteController->runActionWithFilters()
#8 D:\wnmp\htdocs\yiioauth\yii-1.1.10\web\CWebApplication.php(276): SiteController->run()
#9 D:\wnmp\htdocs\yiioauth\yii-1.1.10\web\CWebApplication.php(135): CWebApplication->runController()
#10 D:\wnmp\htdocs\yiioauth\yii-1.1.10\base\CApplication.php(162): CWebApplication->processRequest()
#11 D:\wnmp\htdocs\yiioauth\index.php(13): CWebApplication->run()
REQUEST_URI=/yiioauth/
in D:\wnmp\htdocs\yiioauth\protected\components\opent\OpentSina.php (7)
in D:\wnmp\htdocs\yiioauth\protected\controllers\SiteController.php (33)
in D:\wnmp\htdocs\yiioauth\index.php (13)
2012/04/13 21:58:08 [error] [php] include(WeiboClient.php) [<a href='function.include'>function.include</a>]: failed to open stream: No such file or directory (D:\wnmp\htdocs\yiioauth\yii-1.1.10\YiiBase.php:418)
Stack trace:
#0 D:\wnmp\htdocs\yiioauth\protected\components\opent\OpentSina.php(7): spl_autoload_call()
#1 D:\wnmp\htdocs\yiioauth\yii-1.1.10\YiiBase.php(418): include()
#2 unknown(0): autoload()
#3 D:\wnmp\htdocs\yiioauth\protected\controllers\SiteController.php(33): spl_autoload_call()
#4 D:\wnmp\htdocs\yiioauth\yii-1.1.10\web\actions\CInlineAction.php(50): SiteController->actionIndex()
#5 D:\wnmp\htdocs\yiioauth\yii-1.1.10\web\CController.php(309): CInlineAction->runWithParams()
#6 D:\wnmp\htdocs\yiioauth\yii-1.1.10\web\CController.php(287): SiteController->runAction()
#7 D:\wnmp\htdocs\yiioauth\yii-1.1.10\web\CController.php(266): SiteController->runActionWithFilters()
#8 D:\wnmp\htdocs\yiioauth\yii-1.1.10\web\CWebApplication.php(276): SiteController->run()
#9 D:\wnmp\htdocs\yiioauth\yii-1.1.10\web\CWebApplication.php(135): CWebApplication->runController()
#10 D:\wnmp\htdocs\yiioauth\yii-1.1.10\base\CApplication.php(162): CWebApplication->processRequest()
#11 D:\wnmp\htdocs\yiioauth\index.php(13): CWebApplication->run()
REQUEST_URI=/yiioauth/
in D:\wnmp\htdocs\yiioauth\protected\components\opent\OpentSina.php (7)
in D:\wnmp\htdocs\yiioauth\protected\controllers\SiteController.php (33)
in D:\wnmp\htdocs\yiioauth\index.php (13)
2012/04/13 22:00:52 [error] [php] Declaration of OpentSina::friends() should be compatible with that of WeiboClient::friends() (D:\wnmp\htdocs\yiioauth\protected\components\opent\OpentSina.php:7)
Stack trace:
#0 D:\wnmp\htdocs\yiioauth\protected\controllers\SiteController.php(33): spl_autoload_call()
#1 D:\wnmp\htdocs\yiioauth\yii-1.1.10\web\actions\CInlineAction.php(50): SiteController->actionIndex()
#2 D:\wnmp\htdocs\yiioauth\yii-1.1.10\web\CController.php(309): CInlineAction->runWithParams()
#3 D:\wnmp\htdocs\yiioauth\yii-1.1.10\web\CController.php(287): SiteController->runAction()
#4 D:\wnmp\htdocs\yiioauth\yii-1.1.10\web\CController.php(266): SiteController->runActionWithFilters()
#5 D:\wnmp\htdocs\yiioauth\yii-1.1.10\web\CWebApplication.php(276): SiteController->run()
#6 D:\wnmp\htdocs\yiioauth\yii-1.1.10\web\CWebApplication.php(135): CWebApplication->runController()
#7 D:\wnmp\htdocs\yiioauth\yii-1.1.10\base\CApplication.php(162): CWebApplication->processRequest()
#8 D:\wnmp\htdocs\yiioauth\index.php(13): CWebApplication->run()
REQUEST_URI=/yiioauth/
in D:\wnmp\htdocs\yiioauth\protected\components\opent\OpentSina.php (7)
in D:\wnmp\htdocs\yiioauth\protected\controllers\SiteController.php (33)
in D:\wnmp\htdocs\yiioauth\index.php (13)
2012/04/13 22:02:55 [error] [php] Declaration of OpentSina::friends() should be compatible with that of WeiboClient::friends() (D:\wnmp\htdocs\yiioauth\protected\components\opent\OpentSina.php:7)
Stack trace:
#0 D:\wnmp\htdocs\yiioauth\protected\controllers\SiteController.php(33): spl_autoload_call()
#1 D:\wnmp\htdocs\yiioauth\yii-1.1.10\web\actions\CInlineAction.php(50): SiteController->actionIndex()
#2 D:\wnmp\htdocs\yiioauth\yii-1.1.10\web\CController.php(309): CInlineAction->runWithParams()
#3 D:\wnmp\htdocs\yiioauth\yii-1.1.10\web\CController.php(287): SiteController->runAction()
#4 D:\wnmp\htdocs\yiioauth\yii-1.1.10\web\CController.php(266): SiteController->runActionWithFilters()
#5 D:\wnmp\htdocs\yiioauth\yii-1.1.10\web\CWebApplication.php(276): SiteController->run()
#6 D:\wnmp\htdocs\yiioauth\yii-1.1.10\web\CWebApplication.php(135): CWebApplication->runController()
#7 D:\wnmp\htdocs\yiioauth\yii-1.1.10\base\CApplication.php(162): CWebApplication->processRequest()
#8 D:\wnmp\htdocs\yiioauth\index.php(13): CWebApplication->run()
REQUEST_URI=/yiioauth/
in D:\wnmp\htdocs\yiioauth\protected\components\opent\OpentSina.php (7)
in D:\wnmp\htdocs\yiioauth\protected\controllers\SiteController.php (33)
in D:\wnmp\htdocs\yiioauth\index.php (13)
2012/04/13 22:03:06 [error] [php] Declaration of OpentSina::friends() should be compatible with that of WeiboClient::friends() (D:\wnmp\htdocs\yiioauth\protected\components\opent\OpentSina.php:7)
Stack trace:
#0 D:\wnmp\htdocs\yiioauth\protected\controllers\SiteController.php(33): spl_autoload_call()
#1 D:\wnmp\htdocs\yiioauth\yii-1.1.10\web\actions\CInlineAction.php(50): SiteController->actionIndex()
#2 D:\wnmp\htdocs\yiioauth\yii-1.1.10\web\CController.php(309): CInlineAction->runWithParams()
#3 D:\wnmp\htdocs\yiioauth\yii-1.1.10\web\CController.php(287): SiteController->runAction()
#4 D:\wnmp\htdocs\yiioauth\yii-1.1.10\web\CController.php(266): SiteController->runActionWithFilters()
#5 D:\wnmp\htdocs\yiioauth\yii-1.1.10\web\CWebApplication.php(276): SiteController->run()
#6 D:\wnmp\htdocs\yiioauth\yii-1.1.10\web\CWebApplication.php(135): CWebApplication->runController()
#7 D:\wnmp\htdocs\yiioauth\yii-1.1.10\base\CApplication.php(162): CWebApplication->processRequest()
#8 D:\wnmp\htdocs\yiioauth\index.php(13): CWebApplication->run()
REQUEST_URI=/yiioauth/
in D:\wnmp\htdocs\yiioauth\protected\components\opent\OpentSina.php (7)
in D:\wnmp\htdocs\yiioauth\protected\controllers\SiteController.php (33)
in D:\wnmp\htdocs\yiioauth\index.php (13)
2012/04/13 22:03:07 [error] [php] Declaration of OpentSina::friends() should be compatible with that of WeiboClient::friends() (D:\wnmp\htdocs\yiioauth\protected\components\opent\OpentSina.php:7)
Stack trace:
#0 D:\wnmp\htdocs\yiioauth\protected\controllers\SiteController.php(33): spl_autoload_call()
#1 D:\wnmp\htdocs\yiioauth\yii-1.1.10\web\actions\CInlineAction.php(50): SiteController->actionIndex()
#2 D:\wnmp\htdocs\yiioauth\yii-1.1.10\web\CController.php(309): CInlineAction->runWithParams()
#3 D:\wnmp\htdocs\yiioauth\yii-1.1.10\web\CController.php(287): SiteController->runAction()
#4 D:\wnmp\htdocs\yiioauth\yii-1.1.10\web\CController.php(266): SiteController->runActionWithFilters()
#5 D:\wnmp\htdocs\yiioauth\yii-1.1.10\web\CWebApplication.php(276): SiteController->run()
#6 D:\wnmp\htdocs\yiioauth\yii-1.1.10\web\CWebApplication.php(135): CWebApplication->runController()
#7 D:\wnmp\htdocs\yiioauth\yii-1.1.10\base\CApplication.php(162): CWebApplication->processRequest()
#8 D:\wnmp\htdocs\yiioauth\index.php(13): CWebApplication->run()
REQUEST_URI=/yiioauth/
in D:\wnmp\htdocs\yiioauth\protected\components\opent\OpentSina.php (7)
in D:\wnmp\htdocs\yiioauth\protected\controllers\SiteController.php (33)
in D:\wnmp\htdocs\yiioauth\index.php (13)
2012/04/13 22:03:08 [error] [php] Declaration of OpentSina::friends() should be compatible with that of WeiboClient::friends() (D:\wnmp\htdocs\yiioauth\protected\components\opent\OpentSina.php:7)
Stack trace:
#0 D:\wnmp\htdocs\yiioauth\protected\controllers\SiteController.php(33): spl_autoload_call()
#1 D:\wnmp\htdocs\yiioauth\yii-1.1.10\web\actions\CInlineAction.php(50): SiteController->actionIndex()
#2 D:\wnmp\htdocs\yiioauth\yii-1.1.10\web\CController.php(309): CInlineAction->runWithParams()
#3 D:\wnmp\htdocs\yiioauth\yii-1.1.10\web\CController.php(287): SiteController->runAction()
#4 D:\wnmp\htdocs\yiioauth\yii-1.1.10\web\CController.php(266): SiteController->runActionWithFilters()
#5 D:\wnmp\htdocs\yiioauth\yii-1.1.10\web\CWebApplication.php(276): SiteController->run()
#6 D:\wnmp\htdocs\yiioauth\yii-1.1.10\web\CWebApplication.php(135): CWebApplication->runController()
#7 D:\wnmp\htdocs\yiioauth\yii-1.1.10\base\CApplication.php(162): CWebApplication->processRequest()
#8 D:\wnmp\htdocs\yiioauth\index.php(13): CWebApplication->run()
REQUEST_URI=/yiioauth/
in D:\wnmp\htdocs\yiioauth\protected\components\opent\OpentSina.php (7)
in D:\wnmp\htdocs\yiioauth\protected\controllers\SiteController.php (33)
in D:\wnmp\htdocs\yiioauth\index.php (13)
2012/04/13 22:04:15 [error] [php] Declaration of OpentSina::friends() should be compatible with that of WeiboClient::friends() (D:\wnmp\htdocs\yiioauth\protected\components\opent\OpentSina.php:7)
Stack trace:
#0 D:\wnmp\htdocs\yiioauth\protected\controllers\SiteController.php(33): spl_autoload_call()
#1 D:\wnmp\htdocs\yiioauth\yii-1.1.10\web\actions\CInlineAction.php(50): SiteController->actionIndex()
#2 D:\wnmp\htdocs\yiioauth\yii-1.1.10\web\CController.php(309): CInlineAction->runWithParams()
#3 D:\wnmp\htdocs\yiioauth\yii-1.1.10\web\CController.php(287): SiteController->runAction()
#4 D:\wnmp\htdocs\yiioauth\yii-1.1.10\web\CController.php(266): SiteController->runActionWithFilters()
#5 D:\wnmp\htdocs\yiioauth\yii-1.1.10\web\CWebApplication.php(276): SiteController->run()
#6 D:\wnmp\htdocs\yiioauth\yii-1.1.10\web\CWebApplication.php(135): CWebApplication->runController()
#7 D:\wnmp\htdocs\yiioauth\yii-1.1.10\base\CApplication.php(162): CWebApplication->processRequest()
#8 D:\wnmp\htdocs\yiioauth\index.php(13): CWebApplication->run()
REQUEST_URI=/yiioauth/
in D:\wnmp\htdocs\yiioauth\protected\components\opent\OpentSina.php (7)
in D:\wnmp\htdocs\yiioauth\protected\controllers\SiteController.php (33)
in D:\wnmp\htdocs\yiioauth\index.php (13)
2012/04/13 22:04:15 [error] [php] Declaration of OpentSina::friends() should be compatible with that of WeiboClient::friends() (D:\wnmp\htdocs\yiioauth\protected\components\opent\OpentSina.php:7)
Stack trace:
#0 D:\wnmp\htdocs\yiioauth\protected\controllers\SiteController.php(33): spl_autoload_call()
#1 D:\wnmp\htdocs\yiioauth\yii-1.1.10\web\actions\CInlineAction.php(50): SiteController->actionIndex()
#2 D:\wnmp\htdocs\yiioauth\yii-1.1.10\web\CController.php(309): CInlineAction->runWithParams()
#3 D:\wnmp\htdocs\yiioauth\yii-1.1.10\web\CController.php(287): SiteController->runAction()
#4 D:\wnmp\htdocs\yiioauth\yii-1.1.10\web\CController.php(266): SiteController->runActionWithFilters()
#5 D:\wnmp\htdocs\yiioauth\yii-1.1.10\web\CWebApplication.php(276): SiteController->run()
#6 D:\wnmp\htdocs\yiioauth\yii-1.1.10\web\CWebApplication.php(135): CWebApplication->runController()
#7 D:\wnmp\htdocs\yiioauth\yii-1.1.10\base\CApplication.php(162): CWebApplication->processRequest()
#8 D:\wnmp\htdocs\yiioauth\index.php(13): CWebApplication->run()
REQUEST_URI=/yiioauth/
in D:\wnmp\htdocs\yiioauth\protected\components\opent\OpentSina.php (7)
in D:\wnmp\htdocs\yiioauth\protected\controllers\SiteController.php (33)
in D:\wnmp\htdocs\yiioauth\index.php (13)
2012/04/13 22:06:45 [error] [php] Declaration of OpentSina::friends() should be compatible with that of WeiboClient::friends() (D:\wnmp\htdocs\yiioauth\protected\components\opent\OpentSina.php:7)
Stack trace:
#0 D:\wnmp\htdocs\yiioauth\protected\controllers\SiteController.php(33): spl_autoload_call()
#1 D:\wnmp\htdocs\yiioauth\yii-1.1.10\web\actions\CInlineAction.php(50): SiteController->actionIndex()
#2 D:\wnmp\htdocs\yiioauth\yii-1.1.10\web\CController.php(309): CInlineAction->runWithParams()
#3 D:\wnmp\htdocs\yiioauth\yii-1.1.10\web\CController.php(287): SiteController->runAction()
#4 D:\wnmp\htdocs\yiioauth\yii-1.1.10\web\CController.php(266): SiteController->runActionWithFilters()
#5 D:\wnmp\htdocs\yiioauth\yii-1.1.10\web\CWebApplication.php(276): SiteController->run()
#6 D:\wnmp\htdocs\yiioauth\yii-1.1.10\web\CWebApplication.php(135): CWebApplication->runController()
#7 D:\wnmp\htdocs\yiioauth\yii-1.1.10\base\CApplication.php(162): CWebApplication->processRequest()
#8 D:\wnmp\htdocs\yiioauth\index.php(13): CWebApplication->run()
REQUEST_URI=/yiioauth/
in D:\wnmp\htdocs\yiioauth\protected\components\opent\OpentSina.php (7)
in D:\wnmp\htdocs\yiioauth\protected\controllers\SiteController.php (33)
in D:\wnmp\htdocs\yiioauth\index.php (13)
2012/04/13 22:07:39 [error] [php] Declaration of OpentSina::friends() should be compatible with that of WeiboClient::friends() (D:\wnmp\htdocs\yiioauth\protected\components\opent\OpentSina.php:7)
Stack trace:
#0 D:\wnmp\htdocs\yiioauth\protected\controllers\SiteController.php(33): spl_autoload_call()
#1 D:\wnmp\htdocs\yiioauth\yii-1.1.10\web\actions\CInlineAction.php(50): SiteController->actionIndex()
#2 D:\wnmp\htdocs\yiioauth\yii-1.1.10\web\CController.php(309): CInlineAction->runWithParams()
#3 D:\wnmp\htdocs\yiioauth\yii-1.1.10\web\CController.php(287): SiteController->runAction()
#4 D:\wnmp\htdocs\yiioauth\yii-1.1.10\web\CController.php(266): SiteController->runActionWithFilters()
#5 D:\wnmp\htdocs\yiioauth\yii-1.1.10\web\CWebApplication.php(276): SiteController->run()
#6 D:\wnmp\htdocs\yiioauth\yii-1.1.10\web\CWebApplication.php(135): CWebApplication->runController()
#7 D:\wnmp\htdocs\yiioauth\yii-1.1.10\base\CApplication.php(162): CWebApplication->processRequest()
#8 D:\wnmp\htdocs\yiioauth\index.php(13): CWebApplication->run()
REQUEST_URI=/yiioauth/
in D:\wnmp\htdocs\yiioauth\protected\components\opent\OpentSina.php (7)
in D:\wnmp\htdocs\yiioauth\protected\controllers\SiteController.php (33)
in D:\wnmp\htdocs\yiioauth\index.php (13)
2012/04/13 22:07:39 [error] [php] Declaration of OpentSina::friends() should be compatible with that of WeiboClient::friends() (D:\wnmp\htdocs\yiioauth\protected\components\opent\OpentSina.php:7)
Stack trace:
#0 D:\wnmp\htdocs\yiioauth\protected\controllers\SiteController.php(33): spl_autoload_call()
#1 D:\wnmp\htdocs\yiioauth\yii-1.1.10\web\actions\CInlineAction.php(50): SiteController->actionIndex()
#2 D:\wnmp\htdocs\yiioauth\yii-1.1.10\web\CController.php(309): CInlineAction->runWithParams()
#3 D:\wnmp\htdocs\yiioauth\yii-1.1.10\web\CController.php(287): SiteController->runAction()
#4 D:\wnmp\htdocs\yiioauth\yii-1.1.10\web\CController.php(266): SiteController->runActionWithFilters()
#5 D:\wnmp\htdocs\yiioauth\yii-1.1.10\web\CWebApplication.php(276): SiteController->run()
#6 D:\wnmp\htdocs\yiioauth\yii-1.1.10\web\CWebApplication.php(135): CWebApplication->runController()
#7 D:\wnmp\htdocs\yiioauth\yii-1.1.10\base\CApplication.php(162): CWebApplication->processRequest()
#8 D:\wnmp\htdocs\yiioauth\index.php(13): CWebApplication->run()
REQUEST_URI=/yiioauth/
in D:\wnmp\htdocs\yiioauth\protected\components\opent\OpentSina.php (7)
in D:\wnmp\htdocs\yiioauth\protected\controllers\SiteController.php (33)
in D:\wnmp\htdocs\yiioauth\index.php (13)
2012/04/13 22:07:40 [error] [php] Declaration of OpentSina::friends() should be compatible with that of WeiboClient::friends() (D:\wnmp\htdocs\yiioauth\protected\components\opent\OpentSina.php:7)
Stack trace:
#0 D:\wnmp\htdocs\yiioauth\protected\controllers\SiteController.php(33): spl_autoload_call()
#1 D:\wnmp\htdocs\yiioauth\yii-1.1.10\web\actions\CInlineAction.php(50): SiteController->actionIndex()
#2 D:\wnmp\htdocs\yiioauth\yii-1.1.10\web\CController.php(309): CInlineAction->runWithParams()
#3 D:\wnmp\htdocs\yiioauth\yii-1.1.10\web\CController.php(287): SiteController->runAction()
#4 D:\wnmp\htdocs\yiioauth\yii-1.1.10\web\CController.php(266): SiteController->runActionWithFilters()
#5 D:\wnmp\htdocs\yiioauth\yii-1.1.10\web\CWebApplication.php(276): SiteController->run()
#6 D:\wnmp\htdocs\yiioauth\yii-1.1.10\web\CWebApplication.php(135): CWebApplication->runController()
#7 D:\wnmp\htdocs\yiioauth\yii-1.1.10\base\CApplication.php(162): CWebApplication->processRequest()
#8 D:\wnmp\htdocs\yiioauth\index.php(13): CWebApplication->run()
REQUEST_URI=/yiioauth/
in D:\wnmp\htdocs\yiioauth\protected\components\opent\OpentSina.php (7)
in D:\wnmp\htdocs\yiioauth\protected\controllers\SiteController.php (33)
in D:\wnmp\htdocs\yiioauth\index.php (13)
2012/04/13 22:07:40 [error] [php] Declaration of OpentSina::friends() should be compatible with that of WeiboClient::friends() (D:\wnmp\htdocs\yiioauth\protected\components\opent\OpentSina.php:7)
Stack trace:
#0 D:\wnmp\htdocs\yiioauth\protected\controllers\SiteController.php(33): spl_autoload_call()
#1 D:\wnmp\htdocs\yiioauth\yii-1.1.10\web\actions\CInlineAction.php(50): SiteController->actionIndex()
#2 D:\wnmp\htdocs\yiioauth\yii-1.1.10\web\CController.php(309): CInlineAction->runWithParams()
#3 D:\wnmp\htdocs\yiioauth\yii-1.1.10\web\CController.php(287): SiteController->runAction()
#4 D:\wnmp\htdocs\yiioauth\yii-1.1.10\web\CController.php(266): SiteController->runActionWithFilters()
#5 D:\wnmp\htdocs\yiioauth\yii-1.1.10\web\CWebApplication.php(276): SiteController->run()
#6 D:\wnmp\htdocs\yiioauth\yii-1.1.10\web\CWebApplication.php(135): CWebApplication->runController()
#7 D:\wnmp\htdocs\yiioauth\yii-1.1.10\base\CApplication.php(162): CWebApplication->processRequest()
#8 D:\wnmp\htdocs\yiioauth\index.php(13): CWebApplication->run()
REQUEST_URI=/yiioauth/
in D:\wnmp\htdocs\yiioauth\protected\components\opent\OpentSina.php (7)
in D:\wnmp\htdocs\yiioauth\protected\controllers\SiteController.php (33)
in D:\wnmp\htdocs\yiioauth\index.php (13)
2012/04/13 22:09:29 [error] [php] Declaration of OpentSina::friends() should be compatible with that of WeiboClient::friends() (D:\wnmp\htdocs\yiioauth\protected\components\opent\OpentSina.php:7)
Stack trace:
#0 D:\wnmp\htdocs\yiioauth\protected\controllers\SiteController.php(33): spl_autoload_call()
#1 D:\wnmp\htdocs\yiioauth\yii-1.1.10\web\actions\CInlineAction.php(50): SiteController->actionIndex()
#2 D:\wnmp\htdocs\yiioauth\yii-1.1.10\web\CController.php(309): CInlineAction->runWithParams()
#3 D:\wnmp\htdocs\yiioauth\yii-1.1.10\web\CController.php(287): SiteController->runAction()
#4 D:\wnmp\htdocs\yiioauth\yii-1.1.10\web\CController.php(266): SiteController->runActionWithFilters()
#5 D:\wnmp\htdocs\yiioauth\yii-1.1.10\web\CWebApplication.php(276): SiteController->run()
#6 D:\wnmp\htdocs\yiioauth\yii-1.1.10\web\CWebApplication.php(135): CWebApplication->runController()
#7 D:\wnmp\htdocs\yiioauth\yii-1.1.10\base\CApplication.php(162): CWebApplication->processRequest()
#8 D:\wnmp\htdocs\yiioauth\index.php(13): CWebApplication->run()
REQUEST_URI=/yiioauth/
in D:\wnmp\htdocs\yiioauth\protected\components\opent\OpentSina.php (7)
in D:\wnmp\htdocs\yiioauth\protected\controllers\SiteController.php (33)
in D:\wnmp\htdocs\yiioauth\index.php (13)
2012/04/13 22:14:09 [error] [php] Undefined variable: _SESSION (D:\wnmp\htdocs\yiioauth\protected\components\opent\OpentSina.php:13)
Stack trace:
#0 D:\wnmp\htdocs\yiioauth\yii-1.1.10\web\CController.php(309): CInlineAction->runWithParams()
#1 D:\wnmp\htdocs\yiioauth\yii-1.1.10\web\CController.php(287): SiteController->runAction()
#2 D:\wnmp\htdocs\yiioauth\yii-1.1.10\web\CController.php(266): SiteController->runActionWithFilters()
#3 D:\wnmp\htdocs\yiioauth\yii-1.1.10\web\CWebApplication.php(276): SiteController->run()
#4 D:\wnmp\htdocs\yiioauth\yii-1.1.10\web\CWebApplication.php(135): CWebApplication->runController()
#5 D:\wnmp\htdocs\yiioauth\yii-1.1.10\base\CApplication.php(162): CWebApplication->processRequest()
#6 D:\wnmp\htdocs\yiioauth\index.php(13): CWebApplication->run()
REQUEST_URI=/yiioauth/
in D:\wnmp\htdocs\yiioauth\protected\components\opent\OpentSina.php (13)
in D:\wnmp\htdocs\yiioauth\protected\controllers\SiteController.php (33)
in D:\wnmp\htdocs\yiioauth\index.php (13)
2012/04/13 22:23:15 [error] [php] Use of undefined constant OAUTH_ROOT_URL - assumed 'OAUTH_ROOT_URL' (D:\wnmp\htdocs\yiioauth\protected\components\opent\OpentSina.php:13)
Stack trace:
#0 D:\wnmp\htdocs\yiioauth\yii-1.1.10\web\CController.php(309): CInlineAction->runWithParams()
#1 D:\wnmp\htdocs\yiioauth\yii-1.1.10\web\CController.php(287): SiteController->runAction()
#2 D:\wnmp\htdocs\yiioauth\yii-1.1.10\web\CController.php(266): SiteController->runActionWithFilters()
#3 D:\wnmp\htdocs\yiioauth\yii-1.1.10\web\CWebApplication.php(276): SiteController->run()
#4 D:\wnmp\htdocs\yiioauth\yii-1.1.10\web\CWebApplication.php(135): CWebApplication->runController()
#5 D:\wnmp\htdocs\yiioauth\yii-1.1.10\base\CApplication.php(162): CWebApplication->processRequest()
#6 D:\wnmp\htdocs\yiioauth\index.php(13): CWebApplication->run()
REQUEST_URI=/yiioauth/
in D:\wnmp\htdocs\yiioauth\protected\components\opent\OpentSina.php (13)
in D:\wnmp\htdocs\yiioauth\protected\controllers\SiteController.php (33)
in D:\wnmp\htdocs\yiioauth\index.php (13)
2012/04/13 22:31:36 [error] [exception.CException] exception 'CException' with message 'CWebApplication and its behaviors do not have a method or closure named "redirect".' in D:\wnmp\htdocs\yiioauth\yii-1.1.10\base\CComponent.php:266
Stack trace:
#0 D:\wnmp\htdocs\yiioauth\protected\components\opent\OpentSina.php(14): CComponent->__call('redirect', Array)
#1 D:\wnmp\htdocs\yiioauth\protected\components\opent\OpentSina.php(14): CWebApplication->redirect(Array)
#2 D:\wnmp\htdocs\yiioauth\protected\controllers\SiteController.php(33): OpentSina->__construct()
#3 D:\wnmp\htdocs\yiioauth\yii-1.1.10\web\actions\CInlineAction.php(50): SiteController->actionIndex()
#4 D:\wnmp\htdocs\yiioauth\yii-1.1.10\web\CController.php(309): CInlineAction->runWithParams(Array)
#5 D:\wnmp\htdocs\yiioauth\yii-1.1.10\web\CController.php(287): CController->runAction(Object(CInlineAction))
#6 D:\wnmp\htdocs\yiioauth\yii-1.1.10\web\CController.php(266): CController->runActionWithFilters(Object(CInlineAction), Array)
#7 D:\wnmp\htdocs\yiioauth\yii-1.1.10\web\CWebApplication.php(276): CController->run('')
#8 D:\wnmp\htdocs\yiioauth\yii-1.1.10\web\CWebApplication.php(135): CWebApplication->runController('')
#9 D:\wnmp\htdocs\yiioauth\yii-1.1.10\base\CApplication.php(162): CWebApplication->processRequest()
#10 D:\wnmp\htdocs\yiioauth\index.php(13): CApplication->run()
#11 {main}
REQUEST_URI=/yiioauth/
---
2012/04/13 22:33:04 [error] [exception.CException] exception 'CException' with message 'CWebApplication and its behaviors do not have a method or closure named "redirect".' in D:\wnmp\htdocs\yiioauth\yii-1.1.10\base\CComponent.php:266
Stack trace:
#0 D:\wnmp\htdocs\yiioauth\protected\components\opent\OpentSina.php(14): CComponent->__call('redirect', Array)
#1 D:\wnmp\htdocs\yiioauth\protected\components\opent\OpentSina.php(14): CWebApplication->redirect(Array)
#2 D:\wnmp\htdocs\yiioauth\protected\controllers\SiteController.php(33): OpentSina->__construct()
#3 D:\wnmp\htdocs\yiioauth\yii-1.1.10\web\actions\CInlineAction.php(50): SiteController->actionIndex()
#4 D:\wnmp\htdocs\yiioauth\yii-1.1.10\web\CController.php(309): CInlineAction->runWithParams(Array)
#5 D:\wnmp\htdocs\yiioauth\yii-1.1.10\web\CController.php(287): CController->runAction(Object(CInlineAction))
#6 D:\wnmp\htdocs\yiioauth\yii-1.1.10\web\CController.php(266): CController->runActionWithFilters(Object(CInlineAction), Array)
#7 D:\wnmp\htdocs\yiioauth\yii-1.1.10\web\CWebApplication.php(276): CController->run('')
#8 D:\wnmp\htdocs\yiioauth\yii-1.1.10\web\CWebApplication.php(135): CWebApplication->runController('')
#9 D:\wnmp\htdocs\yiioauth\yii-1.1.10\base\CApplication.php(162): CWebApplication->processRequest()
#10 D:\wnmp\htdocs\yiioauth\index.php(13): CApplication->run()
#11 {main}
REQUEST_URI=/yiioauth/
---
2012/04/13 22:33:06 [error] [exception.CException] exception 'CException' with message 'CWebApplication and its behaviors do not have a method or closure named "redirect".' in D:\wnmp\htdocs\yiioauth\yii-1.1.10\base\CComponent.php:266
Stack trace:
#0 D:\wnmp\htdocs\yiioauth\protected\components\opent\OpentSina.php(14): CComponent->__call('redirect', Array)
#1 D:\wnmp\htdocs\yiioauth\protected\components\opent\OpentSina.php(14): CWebApplication->redirect(Array)
#2 D:\wnmp\htdocs\yiioauth\protected\controllers\SiteController.php(33): OpentSina->__construct()
#3 D:\wnmp\htdocs\yiioauth\yii-1.1.10\web\actions\CInlineAction.php(50): SiteController->actionIndex()
#4 D:\wnmp\htdocs\yiioauth\yii-1.1.10\web\CController.php(309): CInlineAction->runWithParams(Array)
#5 D:\wnmp\htdocs\yiioauth\yii-1.1.10\web\CController.php(287): CController->runAction(Object(CInlineAction))
#6 D:\wnmp\htdocs\yiioauth\yii-1.1.10\web\CController.php(266): CController->runActionWithFilters(Object(CInlineAction), Array)
#7 D:\wnmp\htdocs\yiioauth\yii-1.1.10\web\CWebApplication.php(276): CController->run('')
#8 D:\wnmp\htdocs\yiioauth\yii-1.1.10\web\CWebApplication.php(135): CWebApplication->runController('')
#9 D:\wnmp\htdocs\yiioauth\yii-1.1.10\base\CApplication.php(162): CWebApplication->processRequest()
#10 D:\wnmp\htdocs\yiioauth\index.php(13): CApplication->run()
#11 {main}
REQUEST_URI=/yiioauth/
---
2012/04/13 22:38:22 [error] [php] strpos() expects parameter 1 to be string, array given (D:\wnmp\htdocs\yiioauth\yii-1.1.10\web\CHttpRequest.php:714)
Stack trace:
#0 D:\wnmp\htdocs\yiioauth\protected\controllers\SiteController.php(33): OpentSina->__construct()
#1 D:\wnmp\htdocs\yiioauth\yii-1.1.10\web\actions\CInlineAction.php(50): SiteController->actionIndex()
#2 D:\wnmp\htdocs\yiioauth\yii-1.1.10\web\CController.php(309): CInlineAction->runWithParams()
#3 D:\wnmp\htdocs\yiioauth\yii-1.1.10\web\CController.php(287): SiteController->runAction()
#4 D:\wnmp\htdocs\yiioauth\yii-1.1.10\web\CController.php(266): SiteController->runActionWithFilters()
#5 D:\wnmp\htdocs\yiioauth\yii-1.1.10\web\CWebApplication.php(276): SiteController->run()
#6 D:\wnmp\htdocs\yiioauth\yii-1.1.10\web\CWebApplication.php(135): CWebApplication->runController()
#7 D:\wnmp\htdocs\yiioauth\yii-1.1.10\base\CApplication.php(162): CWebApplication->processRequest()
#8 D:\wnmp\htdocs\yiioauth\index.php(13): CWebApplication->run()
REQUEST_URI=/yiioauth/
in D:\wnmp\htdocs\yiioauth\protected\components\opent\OpentSina.php (14)
in D:\wnmp\htdocs\yiioauth\protected\controllers\SiteController.php (33)
in D:\wnmp\htdocs\yiioauth\index.php (13)
2012/04/13 22:42:15 [error] [php] strpos() expects parameter 1 to be string, array given (D:\wnmp\htdocs\yiioauth\yii-1.1.10\web\CHttpRequest.php:714)
Stack trace:
#0 D:\wnmp\htdocs\yiioauth\protected\controllers\SiteController.php(33): OpentSina->__construct()
#1 D:\wnmp\htdocs\yiioauth\yii-1.1.10\web\actions\CInlineAction.php(50): SiteController->actionIndex()
#2 D:\wnmp\htdocs\yiioauth\yii-1.1.10\web\CController.php(309): CInlineAction->runWithParams()
#3 D:\wnmp\htdocs\yiioauth\yii-1.1.10\web\CController.php(287): SiteController->runAction()
#4 D:\wnmp\htdocs\yiioauth\yii-1.1.10\web\CController.php(266): SiteController->runActionWithFilters()
#5 D:\wnmp\htdocs\yiioauth\yii-1.1.10\web\CWebApplication.php(276): SiteController->run()
#6 D:\wnmp\htdocs\yiioauth\yii-1.1.10\web\CWebApplication.php(135): CWebApplication->runController()
#7 D:\wnmp\htdocs\yiioauth\yii-1.1.10\base\CApplication.php(162): CWebApplication->processRequest()
#8 D:\wnmp\htdocs\yiioauth\index.php(13): CWebApplication->run()
REQUEST_URI=/yiioauth/
in D:\wnmp\htdocs\yiioauth\protected\components\opent\OpentSina.php (14)
in D:\wnmp\htdocs\yiioauth\protected\controllers\SiteController.php (33)
in D:\wnmp\htdocs\yiioauth\index.php (13)
2012/04/13 22:43:17 [error] [php] trim() expects parameter 1 to be string, array given (D:\wnmp\htdocs\yiioauth\yii-1.1.10\web\CUrlManager.php:294)
Stack trace:
#0 D:\wnmp\htdocs\yiioauth\protected\components\opent\OpentSina.php(14): CWebApplication->createUrl()
#1 D:\wnmp\htdocs\yiioauth\protected\controllers\SiteController.php(33): OpentSina->__construct()
#2 D:\wnmp\htdocs\yiioauth\yii-1.1.10\web\actions\CInlineAction.php(50): SiteController->actionIndex()
#3 D:\wnmp\htdocs\yiioauth\yii-1.1.10\web\CController.php(309): CInlineAction->runWithParams()
#4 D:\wnmp\htdocs\yiioauth\yii-1.1.10\web\CController.php(287): SiteController->runAction()
#5 D:\wnmp\htdocs\yiioauth\yii-1.1.10\web\CController.php(266): SiteController->runActionWithFilters()
#6 D:\wnmp\htdocs\yiioauth\yii-1.1.10\web\CWebApplication.php(276): SiteController->run()
#7 D:\wnmp\htdocs\yiioauth\yii-1.1.10\web\CWebApplication.php(135): CWebApplication->runController()
#8 D:\wnmp\htdocs\yiioauth\yii-1.1.10\base\CApplication.php(162): CWebApplication->processRequest()
#9 D:\wnmp\htdocs\yiioauth\index.php(13): CWebApplication->run()
REQUEST_URI=/yiioauth/
in D:\wnmp\htdocs\yiioauth\protected\components\opent\OpentSina.php (14)
in D:\wnmp\htdocs\yiioauth\protected\controllers\SiteController.php (33)
in D:\wnmp\htdocs\yiioauth\index.php (13)
2012/04/13 22:43:40 [error] [php] trim() expects parameter 1 to be string, array given (D:\wnmp\htdocs\yiioauth\yii-1.1.10\web\CUrlManager.php:294)
Stack trace:
#0 D:\wnmp\htdocs\yiioauth\protected\components\opent\OpentSina.php(14): CWebApplication->createUrl()
#1 D:\wnmp\htdocs\yiioauth\protected\controllers\SiteController.php(33): OpentSina->__construct()
#2 D:\wnmp\htdocs\yiioauth\yii-1.1.10\web\actions\CInlineAction.php(50): SiteController->actionIndex()
#3 D:\wnmp\htdocs\yiioauth\yii-1.1.10\web\CController.php(309): CInlineAction->runWithParams()
#4 D:\wnmp\htdocs\yiioauth\yii-1.1.10\web\CController.php(287): SiteController->runAction()
#5 D:\wnmp\htdocs\yiioauth\yii-1.1.10\web\CController.php(266): SiteController->runActionWithFilters()
#6 D:\wnmp\htdocs\yiioauth\yii-1.1.10\web\CWebApplication.php(276): SiteController->run()
#7 D:\wnmp\htdocs\yiioauth\yii-1.1.10\web\CWebApplication.php(135): CWebApplication->runController()
#8 D:\wnmp\htdocs\yiioauth\yii-1.1.10\base\CApplication.php(162): CWebApplication->processRequest()
#9 D:\wnmp\htdocs\yiioauth\index.php(13): CWebApplication->run()
REQUEST_URI=/yiioauth/
in D:\wnmp\htdocs\yiioauth\protected\components\opent\OpentSina.php (14)
in D:\wnmp\htdocs\yiioauth\protected\controllers\SiteController.php (33)
in D:\wnmp\htdocs\yiioauth\index.php (13)
2012/04/13 22:43:45 [error] [php] trim() expects parameter 1 to be string, array given (D:\wnmp\htdocs\yiioauth\yii-1.1.10\web\CUrlManager.php:294)
Stack trace:
#0 D:\wnmp\htdocs\yiioauth\protected\components\opent\OpentSina.php(14): CWebApplication->createUrl()
#1 D:\wnmp\htdocs\yiioauth\protected\controllers\SiteController.php(33): OpentSina->__construct()
#2 D:\wnmp\htdocs\yiioauth\yii-1.1.10\web\actions\CInlineAction.php(50): SiteController->actionIndex()
#3 D:\wnmp\htdocs\yiioauth\yii-1.1.10\web\CController.php(309): CInlineAction->runWithParams()
#4 D:\wnmp\htdocs\yiioauth\yii-1.1.10\web\CController.php(287): SiteController->runAction()
#5 D:\wnmp\htdocs\yiioauth\yii-1.1.10\web\CController.php(266): SiteController->runActionWithFilters()
#6 D:\wnmp\htdocs\yiioauth\yii-1.1.10\web\CWebApplication.php(276): SiteController->run()
#7 D:\wnmp\htdocs\yiioauth\yii-1.1.10\web\CWebApplication.php(135): CWebApplication->runController()
#8 D:\wnmp\htdocs\yiioauth\yii-1.1.10\base\CApplication.php(162): CWebApplication->processRequest()
#9 D:\wnmp\htdocs\yiioauth\index.php(13): CWebApplication->run()
REQUEST_URI=/yiioauth/
in D:\wnmp\htdocs\yiioauth\protected\components\opent\OpentSina.php (14)
in D:\wnmp\htdocs\yiioauth\protected\controllers\SiteController.php (33)
in D:\wnmp\htdocs\yiioauth\index.php (13)
2012/04/13 22:45:41 [error] [php] trim() expects parameter 1 to be string, array given (D:\wnmp\htdocs\yiioauth\yii-1.1.10\web\CUrlManager.php:294)
Stack trace:
#0 D:\wnmp\htdocs\yiioauth\protected\components\opent\OpentSina.php(14): CWebApplication->createUrl()
#1 D:\wnmp\htdocs\yiioauth\protected\controllers\SiteController.php(33): OpentSina->__construct()
#2 D:\wnmp\htdocs\yiioauth\yii-1.1.10\web\actions\CInlineAction.php(50): SiteController->actionIndex()
#3 D:\wnmp\htdocs\yiioauth\yii-1.1.10\web\CController.php(309): CInlineAction->runWithParams()
#4 D:\wnmp\htdocs\yiioauth\yii-1.1.10\web\CController.php(287): SiteController->runAction()
#5 D:\wnmp\htdocs\yiioauth\yii-1.1.10\web\CController.php(266): SiteController->runActionWithFilters()
#6 D:\wnmp\htdocs\yiioauth\yii-1.1.10\web\CWebApplication.php(276): SiteController->run()
#7 D:\wnmp\htdocs\yiioauth\yii-1.1.10\web\CWebApplication.php(135): CWebApplication->runController()
#8 D:\wnmp\htdocs\yiioauth\yii-1.1.10\base\CApplication.php(162): CWebApplication->processRequest()
#9 D:\wnmp\htdocs\yiioauth\index.php(13): CWebApplication->run()
REQUEST_URI=/yiioauth/
in D:\wnmp\htdocs\yiioauth\protected\components\opent\OpentSina.php (14)
in D:\wnmp\htdocs\yiioauth\protected\controllers\SiteController.php (33)
in D:\wnmp\htdocs\yiioauth\index.php (13)
2012/04/13 22:46:12 [error] [php] trim() expects parameter 1 to be string, array given (D:\wnmp\htdocs\yiioauth\yii-1.1.10\web\CUrlManager.php:294)
Stack trace:
#0 D:\wnmp\htdocs\yiioauth\protected\components\opent\OpentSina.php(14): CWebApplication->createUrl()
#1 D:\wnmp\htdocs\yiioauth\protected\controllers\SiteController.php(33): OpentSina->__construct()
#2 D:\wnmp\htdocs\yiioauth\yii-1.1.10\web\actions\CInlineAction.php(50): SiteController->actionIndex()
#3 D:\wnmp\htdocs\yiioauth\yii-1.1.10\web\CController.php(309): CInlineAction->runWithParams()
#4 D:\wnmp\htdocs\yiioauth\yii-1.1.10\web\CController.php(287): SiteController->runAction()
#5 D:\wnmp\htdocs\yiioauth\yii-1.1.10\web\CController.php(266): SiteController->runActionWithFilters()
#6 D:\wnmp\htdocs\yiioauth\yii-1.1.10\web\CWebApplication.php(276): SiteController->run()
#7 D:\wnmp\htdocs\yiioauth\yii-1.1.10\web\CWebApplication.php(135): CWebApplication->runController()
#8 D:\wnmp\htdocs\yiioauth\yii-1.1.10\base\CApplication.php(162): CWebApplication->processRequest()
#9 D:\wnmp\htdocs\yiioauth\index.php(13): CWebApplication->run()
REQUEST_URI=/yiioauth/
in D:\wnmp\htdocs\yiioauth\protected\components\opent\OpentSina.php (14)
in D:\wnmp\htdocs\yiioauth\protected\controllers\SiteController.php (33)
in D:\wnmp\htdocs\yiioauth\index.php (13)
2012/04/13 22:46:20 [error] [php] trim() expects parameter 1 to be string, array given (D:\wnmp\htdocs\yiioauth\yii-1.1.10\web\CUrlManager.php:294)
Stack trace:
#0 D:\wnmp\htdocs\yiioauth\protected\components\opent\OpentSina.php(14): CWebApplication->createUrl()
#1 D:\wnmp\htdocs\yiioauth\protected\controllers\SiteController.php(33): OpentSina->__construct()
#2 D:\wnmp\htdocs\yiioauth\yii-1.1.10\web\actions\CInlineAction.php(50): SiteController->actionIndex()
#3 D:\wnmp\htdocs\yiioauth\yii-1.1.10\web\CController.php(309): CInlineAction->runWithParams()
#4 D:\wnmp\htdocs\yiioauth\yii-1.1.10\web\CController.php(287): SiteController->runAction()
#5 D:\wnmp\htdocs\yiioauth\yii-1.1.10\web\CController.php(266): SiteController->runActionWithFilters()
#6 D:\wnmp\htdocs\yiioauth\yii-1.1.10\web\CWebApplication.php(276): SiteController->run()
#7 D:\wnmp\htdocs\yiioauth\yii-1.1.10\web\CWebApplication.php(135): CWebApplication->runController()
#8 D:\wnmp\htdocs\yiioauth\yii-1.1.10\base\CApplication.php(162): CWebApplication->processRequest()
#9 D:\wnmp\htdocs\yiioauth\index.php(13): CWebApplication->run()
REQUEST_URI=/yiioauth/
in D:\wnmp\htdocs\yiioauth\protected\components\opent\OpentSina.php (14)
in D:\wnmp\htdocs\yiioauth\protected\controllers\SiteController.php (33)
in D:\wnmp\htdocs\yiioauth\index.php (13)
2012/04/13 22:46:55 [error] [exception.CHttpException.404] exception 'CHttpException' with message 'The system is unable to find the requested action "index".' in D:\wnmp\htdocs\yiioauth\yii-1.1.10\web\CController.php:484
Stack trace:
#0 D:\wnmp\htdocs\yiioauth\yii-1.1.10\web\CController.php(271): CController->missingAction('')
#1 D:\wnmp\htdocs\yiioauth\yii-1.1.10\web\CWebApplication.php(276): CController->run('')
#2 D:\wnmp\htdocs\yiioauth\yii-1.1.10\web\CWebApplication.php(135): CWebApplication->runController('account')
#3 D:\wnmp\htdocs\yiioauth\yii-1.1.10\base\CApplication.php(162): CWebApplication->processRequest()
#4 D:\wnmp\htdocs\yiioauth\index.php(13): CApplication->run()
#5 {main}
REQUEST_URI=/yiioauth/index.php?r=account
---
2012/04/13 22:47:12 [error] [exception.CHttpException.404] exception 'CHttpException' with message 'The system is unable to find the requested action "index".' in D:\wnmp\htdocs\yiioauth\yii-1.1.10\web\CController.php:484
Stack trace:
#0 D:\wnmp\htdocs\yiioauth\yii-1.1.10\web\CController.php(271): CController->missingAction('')
#1 D:\wnmp\htdocs\yiioauth\yii-1.1.10\web\CWebApplication.php(276): CController->run('')
#2 D:\wnmp\htdocs\yiioauth\yii-1.1.10\web\CWebApplication.php(135): CWebApplication->runController('account')
#3 D:\wnmp\htdocs\yiioauth\yii-1.1.10\base\CApplication.php(162): CWebApplication->processRequest()
#4 D:\wnmp\htdocs\yiioauth\index.php(13): CApplication->run()
#5 {main}
REQUEST_URI=/yiioauth/index.php?r=account
---
2012/04/14 20:00:01 [error] [php] include(WeiboOAuth.php) [<a href='function.include'>function.include</a>]: failed to open stream: No such file or directory (D:\wnmp\htdocs\yiioauth\yii-1.1.10\YiiBase.php:418)
Stack trace:
#0 D:\wnmp\htdocs\yiioauth\protected\controllers\AccountController.php(9): spl_autoload_call()
#1 D:\wnmp\htdocs\yiioauth\yii-1.1.10\web\actions\CInlineAction.php(50): AccountController->actionLoginPage()
#2 D:\wnmp\htdocs\yiioauth\yii-1.1.10\web\CController.php(309): CInlineAction->runWithParams()
#3 D:\wnmp\htdocs\yiioauth\yii-1.1.10\web\CController.php(287): AccountController->runAction()
#4 D:\wnmp\htdocs\yiioauth\yii-1.1.10\web\CController.php(266): AccountController->runActionWithFilters()
#5 D:\wnmp\htdocs\yiioauth\yii-1.1.10\web\CWebApplication.php(276): AccountController->run()
#6 D:\wnmp\htdocs\yiioauth\yii-1.1.10\web\CWebApplication.php(135): CWebApplication->runController()
#7 D:\wnmp\htdocs\yiioauth\yii-1.1.10\base\CApplication.php(162): CWebApplication->processRequest()
#8 D:\wnmp\htdocs\yiioauth\index.php(13): CWebApplication->run()
REQUEST_URI=/yiioauth/index.php?r=account/loginpage
in D:\wnmp\htdocs\yiioauth\protected\controllers\AccountController.php (9)
in D:\wnmp\htdocs\yiioauth\index.php (13)
2012/04/14 20:02:58 [error] [php] Undefined variable: config (D:\wnmp\htdocs\yiioauth\protected\controllers\AccountController.php:9)
Stack trace:
#0 D:\wnmp\htdocs\yiioauth\yii-1.1.10\web\CController.php(287): AccountController->runAction()
#1 D:\wnmp\htdocs\yiioauth\yii-1.1.10\web\CController.php(266): AccountController->runActionWithFilters()
#2 D:\wnmp\htdocs\yiioauth\yii-1.1.10\web\CWebApplication.php(276): AccountController->run()
#3 D:\wnmp\htdocs\yiioauth\yii-1.1.10\web\CWebApplication.php(135): CWebApplication->runController()
#4 D:\wnmp\htdocs\yiioauth\yii-1.1.10\base\CApplication.php(162): CWebApplication->processRequest()
#5 D:\wnmp\htdocs\yiioauth\index.php(13): CWebApplication->run()
REQUEST_URI=/yiioauth/index.php?r=account/loginpage
in D:\wnmp\htdocs\yiioauth\protected\controllers\AccountController.php (9)
in D:\wnmp\htdocs\yiioauth\index.php (13)
2012/04/14 20:07:08 [error] [php] include(OAuthSignatureMethod_HMAC_SHA1.php) [<a href='function.include'>function.include</a>]: failed to open stream: No such file or directory (D:\wnmp\htdocs\yiioauth\yii-1.1.10\YiiBase.php:418)
Stack trace:
#0 D:\wnmp\htdocs\yiioauth\protected\components\opent\oauth1\WeiboOauth.php(119): spl_autoload_call()
#1 D:\wnmp\htdocs\yiioauth\protected\controllers\AccountController.php(12): WeiboOAuth->__construct()
#2 D:\wnmp\htdocs\yiioauth\yii-1.1.10\web\actions\CInlineAction.php(50): AccountController->actionLoginPage()
#3 D:\wnmp\htdocs\yiioauth\yii-1.1.10\web\CController.php(309): CInlineAction->runWithParams()
#4 D:\wnmp\htdocs\yiioauth\yii-1.1.10\web\CController.php(287): AccountController->runAction()
#5 D:\wnmp\htdocs\yiioauth\yii-1.1.10\web\CController.php(266): AccountController->runActionWithFilters()
#6 D:\wnmp\htdocs\yiioauth\yii-1.1.10\web\CWebApplication.php(276): AccountController->run()
#7 D:\wnmp\htdocs\yiioauth\yii-1.1.10\web\CWebApplication.php(135): CWebApplication->runController()
#8 D:\wnmp\htdocs\yiioauth\yii-1.1.10\base\CApplication.php(162): CWebApplication->processRequest()
#9 D:\wnmp\htdocs\yiioauth\index.php(13): CWebApplication->run()
REQUEST_URI=/yiioauth/index.php?r=account/loginpage
in D:\wnmp\htdocs\yiioauth\protected\components\opent\oauth1\WeiboOauth.php (119)
in D:\wnmp\htdocs\yiioauth\protected\controllers\AccountController.php (12)
in D:\wnmp\htdocs\yiioauth\index.php (13)
2012/04/14 20:08:53 [error] [php] include(OAuthSignatureMethod.php) [<a href='function.include'>function.include</a>]: failed to open stream: No such file or directory (D:\wnmp\htdocs\yiioauth\yii-1.1.10\YiiBase.php:418)
Stack trace:
#0 D:\wnmp\htdocs\yiioauth\protected\components\opent\oauth1\OAuthSignatureMethod_HMAC_SHA1.php(6): spl_autoload_call()
#1 D:\wnmp\htdocs\yiioauth\yii-1.1.10\YiiBase.php(418): include()
#2 unknown(0): autoload()
#3 D:\wnmp\htdocs\yiioauth\protected\components\opent\oauth1\WeiboOauth.php(119): spl_autoload_call()
#4 D:\wnmp\htdocs\yiioauth\protected\controllers\AccountController.php(12): WeiboOAuth->__construct()
#5 D:\wnmp\htdocs\yiioauth\yii-1.1.10\web\actions\CInlineAction.php(50): AccountController->actionLoginPage()
#6 D:\wnmp\htdocs\yiioauth\yii-1.1.10\web\CController.php(309): CInlineAction->runWithParams()
#7 D:\wnmp\htdocs\yiioauth\yii-1.1.10\web\CController.php(287): AccountController->runAction()
#8 D:\wnmp\htdocs\yiioauth\yii-1.1.10\web\CController.php(266): AccountController->runActionWithFilters()
#9 D:\wnmp\htdocs\yiioauth\yii-1.1.10\web\CWebApplication.php(276): AccountController->run()
#10 D:\wnmp\htdocs\yiioauth\yii-1.1.10\web\CWebApplication.php(135): CWebApplication->runController()
#11 D:\wnmp\htdocs\yiioauth\yii-1.1.10\base\CApplication.php(162): CWebApplication->processRequest()
#12 D:\wnmp\htdocs\yiioauth\index.php(13): CWebApplication->run()
REQUEST_URI=/yiioauth/index.php?r=account/loginpage
in D:\wnmp\htdocs\yiioauth\protected\components\opent\oauth1\OAuthSignatureMethod_HMAC_SHA1.php (6)
in D:\wnmp\htdocs\yiioauth\protected\components\opent\oauth1\WeiboOauth.php (119)
in D:\wnmp\htdocs\yiioauth\protected\controllers\AccountController.php (12)
2012/04/14 20:09:27 [error] [php] include(OAuthConsumer.php) [<a href='function.include'>function.include</a>]: failed to open stream: No such file or directory (D:\wnmp\htdocs\yiioauth\yii-1.1.10\YiiBase.php:418)
Stack trace:
#0 D:\wnmp\htdocs\yiioauth\protected\components\opent\oauth1\WeiboOauth.php(120): spl_autoload_call()
#1 D:\wnmp\htdocs\yiioauth\protected\controllers\AccountController.php(12): WeiboOAuth->__construct()
#2 D:\wnmp\htdocs\yiioauth\yii-1.1.10\web\actions\CInlineAction.php(50): AccountController->actionLoginPage()
#3 D:\wnmp\htdocs\yiioauth\yii-1.1.10\web\CController.php(309): CInlineAction->runWithParams()
#4 D:\wnmp\htdocs\yiioauth\yii-1.1.10\web\CController.php(287): AccountController->runAction()
#5 D:\wnmp\htdocs\yiioauth\yii-1.1.10\web\CController.php(266): AccountController->runActionWithFilters()
#6 D:\wnmp\htdocs\yiioauth\yii-1.1.10\web\CWebApplication.php(276): AccountController->run()
#7 D:\wnmp\htdocs\yiioauth\yii-1.1.10\web\CWebApplication.php(135): CWebApplication->runController()
#8 D:\wnmp\htdocs\yiioauth\yii-1.1.10\base\CApplication.php(162): CWebApplication->processRequest()
#9 D:\wnmp\htdocs\yiioauth\index.php(13): CWebApplication->run()
REQUEST_URI=/yiioauth/index.php?r=account/loginpage
in D:\wnmp\htdocs\yiioauth\protected\components\opent\oauth1\WeiboOauth.php (120)
in D:\wnmp\htdocs\yiioauth\protected\controllers\AccountController.php (12)
in D:\wnmp\htdocs\yiioauth\index.php (13)
2012/04/14 20:09:56 [error] [php] include(OAuthRequest.php) [<a href='function.include'>function.include</a>]: failed to open stream: No such file or directory (D:\wnmp\htdocs\yiioauth\yii-1.1.10\YiiBase.php:418)
Stack trace:
#0 D:\wnmp\htdocs\yiioauth\protected\components\opent\oauth1\WeiboOauth.php(234): spl_autoload_call()
#1 D:\wnmp\htdocs\yiioauth\protected\components\opent\oauth1\WeiboOauth.php(140): WeiboOAuth->oAuthRequest()
#2 D:\wnmp\htdocs\yiioauth\protected\controllers\AccountController.php(13): WeiboOAuth->getRequestToken()
#3 D:\wnmp\htdocs\yiioauth\yii-1.1.10\web\actions\CInlineAction.php(50): AccountController->actionLoginPage()
#4 D:\wnmp\htdocs\yiioauth\yii-1.1.10\web\CController.php(309): CInlineAction->runWithParams()
#5 D:\wnmp\htdocs\yiioauth\yii-1.1.10\web\CController.php(287): AccountController->runAction()
#6 D:\wnmp\htdocs\yiioauth\yii-1.1.10\web\CController.php(266): AccountController->runActionWithFilters()
#7 D:\wnmp\htdocs\yiioauth\yii-1.1.10\web\CWebApplication.php(276): AccountController->run()
#8 D:\wnmp\htdocs\yiioauth\yii-1.1.10\web\CWebApplication.php(135): CWebApplication->runController()
#9 D:\wnmp\htdocs\yiioauth\yii-1.1.10\base\CApplication.php(162): CWebApplication->processRequest()
#10 D:\wnmp\htdocs\yiioauth\index.php(13): CWebApplication->run()
REQUEST_URI=/yiioauth/index.php?r=account/loginpage
in D:\wnmp\htdocs\yiioauth\protected\components\opent\oauth1\WeiboOauth.php (234)
in D:\wnmp\htdocs\yiioauth\protected\components\opent\oauth1\WeiboOauth.php (140)
in D:\wnmp\htdocs\yiioauth\protected\controllers\AccountController.php (13)
2012/04/14 20:10:51 [error] [php] include(OAuthUtil.php) [<a href='function.include'>function.include</a>]: failed to open stream: No such file or directory (D:\wnmp\htdocs\yiioauth\yii-1.1.10\YiiBase.php:418)
Stack trace:
#0 D:\wnmp\htdocs\yiioauth\protected\components\opent\oauth1\OAuthRequest.php(141): spl_autoload_call()
#1 D:\wnmp\htdocs\yiioauth\protected\components\opent\oauth1\OAuthRequest.php(155): OAuthRequest->get_signable_parameters()
#2 D:\wnmp\htdocs\yiioauth\protected\components\opent\oauth1\OAuthSignatureMethod_HMAC_SHA1.php(12): OAuthRequest->get_signature_base_string()
#3 D:\wnmp\htdocs\yiioauth\protected\components\opent\oauth1\OAuthRequest.php(253): OAuthSignatureMethod_HMAC_SHA1->build_signature()
#4 D:\wnmp\htdocs\yiioauth\protected\components\opent\oauth1\OAuthRequest.php(247): OAuthRequest->build_signature()
#5 D:\wnmp\htdocs\yiioauth\protected\components\opent\oauth1\WeiboOauth.php(235): OAuthRequest->sign_request()
#6 D:\wnmp\htdocs\yiioauth\protected\components\opent\oauth1\WeiboOauth.php(140): WeiboOAuth->oAuthRequest()
#7 D:\wnmp\htdocs\yiioauth\protected\controllers\AccountController.php(13): WeiboOAuth->getRequestToken()
#8 D:\wnmp\htdocs\yiioauth\yii-1.1.10\web\actions\CInlineAction.php(50): AccountController->actionLoginPage()
#9 D:\wnmp\htdocs\yiioauth\yii-1.1.10\web\CController.php(309): CInlineAction->runWithParams()
#10 D:\wnmp\htdocs\yiioauth\yii-1.1.10\web\CController.php(287): AccountController->runAction()
#11 D:\wnmp\htdocs\yiioauth\yii-1.1.10\web\CController.php(266): AccountController->runActionWithFilters()
#12 D:\wnmp\htdocs\yiioauth\yii-1.1.10\web\CWebApplication.php(276): AccountController->run()
#13 D:\wnmp\htdocs\yiioauth\yii-1.1.10\web\CWebApplication.php(135): CWebApplication->runController()
#14 D:\wnmp\htdocs\yiioauth\yii-1.1.10\base\CApplication.php(162): CWebApplication->processRequest()
#15 D:\wnmp\htdocs\yiioauth\index.php(13): CWebApplication->run()
REQUEST_URI=/yiioauth/index.php?r=account/loginpage
in D:\wnmp\htdocs\yiioauth\protected\components\opent\oauth1\OAuthRequest.php (141)
in D:\wnmp\htdocs\yiioauth\protected\components\opent\oauth1\OAuthRequest.php (155)
in D:\wnmp\htdocs\yiioauth\protected\components\opent\oauth1\OAuthSignatureMethod_HMAC_SHA1.php (12)
2012/04/14 20:11:39 [error] [php] Array to string conversion (D:\wnmp\htdocs\yiioauth\protected\components\opent\oauth1\OAuthSignatureMethod_HMAC_SHA1.php:26)
Stack trace:
#0 D:\wnmp\htdocs\yiioauth\protected\components\opent\oauth1\OAuthRequest.php(247): OAuthRequest->build_signature()
#1 D:\wnmp\htdocs\yiioauth\protected\components\opent\oauth1\WeiboOauth.php(235): OAuthRequest->sign_request()
#2 D:\wnmp\htdocs\yiioauth\protected\components\opent\oauth1\WeiboOauth.php(140): WeiboOAuth->oAuthRequest()
#3 D:\wnmp\htdocs\yiioauth\protected\controllers\AccountController.php(13): WeiboOAuth->getRequestToken()
#4 D:\wnmp\htdocs\yiioauth\yii-1.1.10\web\actions\CInlineAction.php(50): AccountController->actionLoginPage()
#5 D:\wnmp\htdocs\yiioauth\yii-1.1.10\web\CController.php(309): CInlineAction->runWithParams()
#6 D:\wnmp\htdocs\yiioauth\yii-1.1.10\web\CController.php(287): AccountController->runAction()
#7 D:\wnmp\htdocs\yiioauth\yii-1.1.10\web\CController.php(266): AccountController->runActionWithFilters()
#8 D:\wnmp\htdocs\yiioauth\yii-1.1.10\web\CWebApplication.php(276): AccountController->run()
#9 D:\wnmp\htdocs\yiioauth\yii-1.1.10\web\CWebApplication.php(135): CWebApplication->runController()
#10 D:\wnmp\htdocs\yiioauth\yii-1.1.10\base\CApplication.php(162): CWebApplication->processRequest()
#11 D:\wnmp\htdocs\yiioauth\index.php(13): CWebApplication->run()
REQUEST_URI=/yiioauth/index.php?r=account/loginpage
in D:\wnmp\htdocs\yiioauth\protected\components\opent\oauth1\OAuthSignatureMethod_HMAC_SHA1.php (26)
in D:\wnmp\htdocs\yiioauth\protected\components\opent\oauth1\OAuthRequest.php (253)
in D:\wnmp\htdocs\yiioauth\protected\components\opent\oauth1\OAuthRequest.php (247)
2012/04/14 20:13:34 [error] [php] Use of undefined constant OAUTH_ROOT_URL - assumed 'OAUTH_ROOT_URL' (D:\wnmp\htdocs\yiioauth\protected\controllers\AccountController.php:15)
Stack trace:
#0 D:\wnmp\htdocs\yiioauth\yii-1.1.10\web\CController.php(287): AccountController->runAction()
#1 D:\wnmp\htdocs\yiioauth\yii-1.1.10\web\CController.php(266): AccountController->runActionWithFilters()
#2 D:\wnmp\htdocs\yiioauth\yii-1.1.10\web\CWebApplication.php(276): AccountController->run()
#3 D:\wnmp\htdocs\yiioauth\yii-1.1.10\web\CWebApplication.php(135): CWebApplication->runController()
#4 D:\wnmp\htdocs\yiioauth\yii-1.1.10\base\CApplication.php(162): CWebApplication->processRequest()
#5 D:\wnmp\htdocs\yiioauth\index.php(13): CWebApplication->run()
REQUEST_URI=/yiioauth/index.php?r=account/loginpage
in D:\wnmp\htdocs\yiioauth\protected\controllers\AccountController.php (15)
in D:\wnmp\htdocs\yiioauth\index.php (13)
2012/04/14 20:28:32 [error] [php] Undefined index: oauth_token (D:\wnmp\htdocs\yiioauth\protected\components\opent\oauth1\WeiboOauth.php:178)
Stack trace:
#0 D:\wnmp\htdocs\yiioauth\yii-1.1.10\web\CController.php(309): CInlineAction->runWithParams()
#1 D:\wnmp\htdocs\yiioauth\yii-1.1.10\web\CController.php(287): AccountController->runAction()
#2 D:\wnmp\htdocs\yiioauth\yii-1.1.10\web\CController.php(266): AccountController->runActionWithFilters()
#3 D:\wnmp\htdocs\yiioauth\yii-1.1.10\web\CWebApplication.php(276): AccountController->run()
#4 D:\wnmp\htdocs\yiioauth\yii-1.1.10\web\CWebApplication.php(135): CWebApplication->runController()
#5 D:\wnmp\htdocs\yiioauth\yii-1.1.10\base\CApplication.php(162): CWebApplication->processRequest()
#6 D:\wnmp\htdocs\yiioauth\index.php(13): CWebApplication->run()
REQUEST_URI=/yiioauth/index.php?r=account/callback&oauth_token=717346737d783bcb151dd5ebf2cade49&oauth_verifier=407440
in D:\wnmp\htdocs\yiioauth\protected\components\opent\oauth1\WeiboOauth.php (178)
in D:\wnmp\htdocs\yiioauth\protected\controllers\AccountController.php (36)
in D:\wnmp\htdocs\yiioauth\index.php (13)
2012/04/14 20:37:06 [error] [php] Undefined index: host (D:\wnmp\htdocs\yiioauth\protected\controllers\AccountController.php:23)
Stack trace:
#0 D:\wnmp\htdocs\yiioauth\yii-1.1.10\web\CController.php(287): AccountController->runAction()
#1 D:\wnmp\htdocs\yiioauth\yii-1.1.10\web\CController.php(266): AccountController->runActionWithFilters()
#2 D:\wnmp\htdocs\yiioauth\yii-1.1.10\web\CWebApplication.php(276): AccountController->run()
#3 D:\wnmp\htdocs\yiioauth\yii-1.1.10\web\CWebApplication.php(135): CWebApplication->runController()
#4 D:\wnmp\htdocs\yiioauth\yii-1.1.10\base\CApplication.php(162): CWebApplication->processRequest()
#5 D:\wnmp\htdocs\yiioauth\index.php(13): CWebApplication->run()
REQUEST_URI=/yiioauth/index.php?r=account/loginpage
in D:\wnmp\htdocs\yiioauth\protected\controllers\AccountController.php (23)
in D:\wnmp\htdocs\yiioauth\index.php (13)
2012/04/14 20:38:07 [error] [php] Undefined index: http_host (D:\wnmp\htdocs\yiioauth\protected\controllers\AccountController.php:23)
Stack trace:
#0 D:\wnmp\htdocs\yiioauth\yii-1.1.10\web\CController.php(287): AccountController->runAction()
#1 D:\wnmp\htdocs\yiioauth\yii-1.1.10\web\CController.php(266): AccountController->runActionWithFilters()
#2 D:\wnmp\htdocs\yiioauth\yii-1.1.10\web\CWebApplication.php(276): AccountController->run()
#3 D:\wnmp\htdocs\yiioauth\yii-1.1.10\web\CWebApplication.php(135): CWebApplication->runController()
#4 D:\wnmp\htdocs\yiioauth\yii-1.1.10\base\CApplication.php(162): CWebApplication->processRequest()
#5 D:\wnmp\htdocs\yiioauth\index.php(13): CWebApplication->run()
REQUEST_URI=/yiioauth/index.php?r=account/loginpage
in D:\wnmp\htdocs\yiioauth\protected\controllers\AccountController.php (23)
in D:\wnmp\htdocs\yiioauth\index.php (13)
2012/04/14 20:49:32 [error] [php] Declaration of OpentSina::friends() should be compatible with that of WeiboClient::friends() (D:\wnmp\htdocs\yiioauth\protected\components\opent\OpentSina.php:2)
Stack trace:
#0 D:\wnmp\htdocs\yiioauth\protected\controllers\SiteController.php(33): spl_autoload_call()
#1 D:\wnmp\htdocs\yiioauth\yii-1.1.10\web\actions\CInlineAction.php(50): SiteController->actionIndex()
#2 D:\wnmp\htdocs\yiioauth\yii-1.1.10\web\CController.php(309): CInlineAction->runWithParams()
#3 D:\wnmp\htdocs\yiioauth\yii-1.1.10\web\CController.php(287): SiteController->runAction()
#4 D:\wnmp\htdocs\yiioauth\yii-1.1.10\web\CController.php(266): SiteController->runActionWithFilters()
#5 D:\wnmp\htdocs\yiioauth\yii-1.1.10\web\CWebApplication.php(276): SiteController->run()
#6 D:\wnmp\htdocs\yiioauth\yii-1.1.10\web\CWebApplication.php(135): CWebApplication->runController()
#7 D:\wnmp\htdocs\yiioauth\yii-1.1.10\base\CApplication.php(162): CWebApplication->processRequest()
#8 D:\wnmp\htdocs\yiioauth\index.php(13): CWebApplication->run()
REQUEST_URI=/yiioauth/
in D:\wnmp\htdocs\yiioauth\protected\components\opent\OpentSina.php (2)
in D:\wnmp\htdocs\yiioauth\protected\controllers\SiteController.php (33)
in D:\wnmp\htdocs\yiioauth\index.php (13)
2012/04/14 20:56:25 [error] [php] Undefined index: oauth_token (D:\wnmp\htdocs\yiioauth\protected\components\opent\oauth1\WeiboOauth.php:178)
Stack trace:
#0 D:\wnmp\htdocs\yiioauth\yii-1.1.10\web\CController.php(309): CInlineAction->runWithParams()
#1 D:\wnmp\htdocs\yiioauth\yii-1.1.10\web\CController.php(287): AccountController->runAction()
#2 D:\wnmp\htdocs\yiioauth\yii-1.1.10\web\CController.php(266): AccountController->runActionWithFilters()
#3 D:\wnmp\htdocs\yiioauth\yii-1.1.10\web\CWebApplication.php(276): AccountController->run()
#4 D:\wnmp\htdocs\yiioauth\yii-1.1.10\web\CWebApplication.php(135): CWebApplication->runController()
#5 D:\wnmp\htdocs\yiioauth\yii-1.1.10\base\CApplication.php(162): CWebApplication->processRequest()
#6 D:\wnmp\htdocs\yiioauth\index.php(13): CWebApplication->run()
REQUEST_URI=/yiioauth/index.php?r=account/callback&oauth_token=9ed8c86fe6a4cbe886a41ce1956d860c&oauth_verifier=535018
in D:\wnmp\htdocs\yiioauth\protected\components\opent\oauth1\WeiboOauth.php (178)
in D:\wnmp\htdocs\yiioauth\protected\controllers\AccountController.php (38)
in D:\wnmp\htdocs\yiioauth\index.php (13)
2012/04/14 20:56:32 [error] [php] Undefined index: oauth_token (D:\wnmp\htdocs\yiioauth\protected\components\opent\oauth1\WeiboOauth.php:178)
Stack trace:
#0 D:\wnmp\htdocs\yiioauth\yii-1.1.10\web\CController.php(309): CInlineAction->runWithParams()
#1 D:\wnmp\htdocs\yiioauth\yii-1.1.10\web\CController.php(287): AccountController->runAction()
#2 D:\wnmp\htdocs\yiioauth\yii-1.1.10\web\CController.php(266): AccountController->runActionWithFilters()
#3 D:\wnmp\htdocs\yiioauth\yii-1.1.10\web\CWebApplication.php(276): AccountController->run()
#4 D:\wnmp\htdocs\yiioauth\yii-1.1.10\web\CWebApplication.php(135): CWebApplication->runController()
#5 D:\wnmp\htdocs\yiioauth\yii-1.1.10\base\CApplication.php(162): CWebApplication->processRequest()
#6 D:\wnmp\htdocs\yiioauth\index.php(13): CWebApplication->run()
REQUEST_URI=/yiioauth/index.php?r=account/callback&oauth_token=c6b399d9217a631a22491074f3d26806&oauth_verifier=267162
in D:\wnmp\htdocs\yiioauth\protected\components\opent\oauth1\WeiboOauth.php (178)
in D:\wnmp\htdocs\yiioauth\protected\controllers\AccountController.php (38)
in D:\wnmp\htdocs\yiioauth\index.php (13)
2012/04/14 20:56:35 [error] [php] Undefined index: oauth_token (D:\wnmp\htdocs\yiioauth\protected\components\opent\oauth1\WeiboOauth.php:178)
Stack trace:
#0 D:\wnmp\htdocs\yiioauth\yii-1.1.10\web\CController.php(309): CInlineAction->runWithParams()
#1 D:\wnmp\htdocs\yiioauth\yii-1.1.10\web\CController.php(287): AccountController->runAction()
#2 D:\wnmp\htdocs\yiioauth\yii-1.1.10\web\CController.php(266): AccountController->runActionWithFilters()
#3 D:\wnmp\htdocs\yiioauth\yii-1.1.10\web\CWebApplication.php(276): AccountController->run()
#4 D:\wnmp\htdocs\yiioauth\yii-1.1.10\web\CWebApplication.php(135): CWebApplication->runController()
#5 D:\wnmp\htdocs\yiioauth\yii-1.1.10\base\CApplication.php(162): CWebApplication->processRequest()
#6 D:\wnmp\htdocs\yiioauth\index.php(13): CWebApplication->run()
REQUEST_URI=/yiioauth/index.php?r=account/callback&oauth_token=c6b399d9217a631a22491074f3d26806&oauth_verifier=267162
in D:\wnmp\htdocs\yiioauth\protected\components\opent\oauth1\WeiboOauth.php (178)
in D:\wnmp\htdocs\yiioauth\protected\controllers\AccountController.php (38)
in D:\wnmp\htdocs\yiioauth\index.php (13)
2012/04/14 21:07:12 [error] [php] Undefined variable: SESSION (D:\wnmp\htdocs\yiioauth\protected\components\opent\OpentSina.php:22)
Stack trace:
#0 D:\wnmp\htdocs\yiioauth\yii-1.1.10\web\CController.php(309): CInlineAction->runWithParams()
#1 D:\wnmp\htdocs\yiioauth\yii-1.1.10\web\CController.php(287): SiteController->runAction()
#2 D:\wnmp\htdocs\yiioauth\yii-1.1.10\web\CController.php(266): SiteController->runActionWithFilters()
#3 D:\wnmp\htdocs\yiioauth\yii-1.1.10\web\CWebApplication.php(276): SiteController->run()
#4 D:\wnmp\htdocs\yiioauth\yii-1.1.10\web\CWebApplication.php(135): CWebApplication->runController()
#5 D:\wnmp\htdocs\yiioauth\yii-1.1.10\base\CApplication.php(162): CWebApplication->processRequest()
#6 D:\wnmp\htdocs\yiioauth\index.php(13): CWebApplication->run()
REQUEST_URI=/yiioauth/
in D:\wnmp\htdocs\yiioauth\protected\components\opent\OpentSina.php (22)
in D:\wnmp\htdocs\yiioauth\protected\controllers\SiteController.php (33)
in D:\wnmp\htdocs\yiioauth\index.php (13)
2012/04/14 21:18:12 [error] [php] Undefined index:  (D:\wnmp\htdocs\yiioauth\protected\controllers\AccountController.php:17)
Stack trace:
#0 D:\wnmp\htdocs\yiioauth\yii-1.1.10\web\actions\CInlineAction.php(48): CInlineAction->runWithParamsInternal()
#1 D:\wnmp\htdocs\yiioauth\yii-1.1.10\web\CController.php(309): CInlineAction->runWithParams()
#2 D:\wnmp\htdocs\yiioauth\yii-1.1.10\web\CController.php(287): AccountController->runAction()
#3 D:\wnmp\htdocs\yiioauth\yii-1.1.10\web\CController.php(266): AccountController->runActionWithFilters()
#4 D:\wnmp\htdocs\yiioauth\yii-1.1.10\web\CWebApplication.php(276): AccountController->run()
#5 D:\wnmp\htdocs\yiioauth\yii-1.1.10\web\CWebApplication.php(135): CWebApplication->runController()
#6 D:\wnmp\htdocs\yiioauth\yii-1.1.10\base\CApplication.php(162): CWebApplication->processRequest()
#7 D:\wnmp\htdocs\yiioauth\index.php(13): CWebApplication->run()
REQUEST_URI=/yiioauth/index.php?r=account/loginpage/sina
in D:\wnmp\htdocs\yiioauth\protected\controllers\AccountController.php (17)
in D:\wnmp\htdocs\yiioauth\index.php (13)
2012/04/14 21:18:21 [error] [php] Undefined index:  (D:\wnmp\htdocs\yiioauth\protected\controllers\AccountController.php:17)
Stack trace:
#0 D:\wnmp\htdocs\yiioauth\yii-1.1.10\web\actions\CInlineAction.php(48): CInlineAction->runWithParamsInternal()
#1 D:\wnmp\htdocs\yiioauth\yii-1.1.10\web\CController.php(309): CInlineAction->runWithParams()
#2 D:\wnmp\htdocs\yiioauth\yii-1.1.10\web\CController.php(287): AccountController->runAction()
#3 D:\wnmp\htdocs\yiioauth\yii-1.1.10\web\CController.php(266): AccountController->runActionWithFilters()
#4 D:\wnmp\htdocs\yiioauth\yii-1.1.10\web\CWebApplication.php(276): AccountController->run()
#5 D:\wnmp\htdocs\yiioauth\yii-1.1.10\web\CWebApplication.php(135): CWebApplication->runController()
#6 D:\wnmp\htdocs\yiioauth\yii-1.1.10\base\CApplication.php(162): CWebApplication->processRequest()
#7 D:\wnmp\htdocs\yiioauth\index.php(13): CWebApplication->run()
REQUEST_URI=/yiioauth/index.php?r=account/loginpage/sina
in D:\wnmp\htdocs\yiioauth\protected\controllers\AccountController.php (17)
in D:\wnmp\htdocs\yiioauth\index.php (13)
2012/04/14 21:27:57 [error] [php] strpos() expects parameter 1 to be string, array given (D:\wnmp\htdocs\yiioauth\yii-1.1.10\web\CController.php:964)
Stack trace:
#0 unknown(0): AccountController->actionLoginPage()
#1 D:\wnmp\htdocs\yiioauth\yii-1.1.10\web\actions\CAction.php(107): ReflectionMethod->invokeArgs()
#2 D:\wnmp\htdocs\yiioauth\yii-1.1.10\web\actions\CInlineAction.php(48): CInlineAction->runWithParamsInternal()
#3 D:\wnmp\htdocs\yiioauth\yii-1.1.10\web\CController.php(309): CInlineAction->runWithParams()
#4 D:\wnmp\htdocs\yiioauth\yii-1.1.10\web\CController.php(287): AccountController->runAction()
#5 D:\wnmp\htdocs\yiioauth\yii-1.1.10\web\CController.php(266): AccountController->runActionWithFilters()
#6 D:\wnmp\htdocs\yiioauth\yii-1.1.10\web\CWebApplication.php(276): AccountController->run()
#7 D:\wnmp\htdocs\yiioauth\yii-1.1.10\web\CWebApplication.php(135): CWebApplication->runController()
#8 D:\wnmp\htdocs\yiioauth\yii-1.1.10\base\CApplication.php(162): CWebApplication->processRequest()
#9 D:\wnmp\htdocs\yiioauth\index.php(13): CWebApplication->run()
REQUEST_URI=/yiioauth/index.php?r=account/loginpage&platform=sina
in D:\wnmp\htdocs\yiioauth\protected\controllers\AccountController.php (23)
in D:\wnmp\htdocs\yiioauth\index.php (13)
2012/04/14 21:28:10 [error] [php] strpos() expects parameter 1 to be string, array given (D:\wnmp\htdocs\yiioauth\yii-1.1.10\web\CController.php:964)
Stack trace:
#0 unknown(0): AccountController->actionLoginPage()
#1 D:\wnmp\htdocs\yiioauth\yii-1.1.10\web\actions\CAction.php(107): ReflectionMethod->invokeArgs()
#2 D:\wnmp\htdocs\yiioauth\yii-1.1.10\web\actions\CInlineAction.php(48): CInlineAction->runWithParamsInternal()
#3 D:\wnmp\htdocs\yiioauth\yii-1.1.10\web\CController.php(309): CInlineAction->runWithParams()
#4 D:\wnmp\htdocs\yiioauth\yii-1.1.10\web\CController.php(287): AccountController->runAction()
#5 D:\wnmp\htdocs\yiioauth\yii-1.1.10\web\CController.php(266): AccountController->runActionWithFilters()
#6 D:\wnmp\htdocs\yiioauth\yii-1.1.10\web\CWebApplication.php(276): AccountController->run()
#7 D:\wnmp\htdocs\yiioauth\yii-1.1.10\web\CWebApplication.php(135): CWebApplication->runController()
#8 D:\wnmp\htdocs\yiioauth\yii-1.1.10\base\CApplication.php(162): CWebApplication->processRequest()
#9 D:\wnmp\htdocs\yiioauth\index.php(13): CWebApplication->run()
REQUEST_URI=/yiioauth/index.php?r=account/loginpage&platform=sina
in D:\wnmp\htdocs\yiioauth\protected\controllers\AccountController.php (23)
in D:\wnmp\htdocs\yiioauth\index.php (13)
2012/04/14 21:30:48 [error] [php] Undefined index: oauth_token (D:\wnmp\htdocs\yiioauth\protected\components\opent\oauth1\WeiboOauth.php:178)
Stack trace:
#0 D:\wnmp\htdocs\yiioauth\yii-1.1.10\web\actions\CAction.php(107): ReflectionMethod->invokeArgs()
#1 D:\wnmp\htdocs\yiioauth\yii-1.1.10\web\actions\CInlineAction.php(48): CInlineAction->runWithParamsInternal()
#2 D:\wnmp\htdocs\yiioauth\yii-1.1.10\web\CController.php(309): CInlineAction->runWithParams()
#3 D:\wnmp\htdocs\yiioauth\yii-1.1.10\web\CController.php(287): AccountController->runAction()
#4 D:\wnmp\htdocs\yiioauth\yii-1.1.10\web\CController.php(266): AccountController->runActionWithFilters()
#5 D:\wnmp\htdocs\yiioauth\yii-1.1.10\web\CWebApplication.php(276): AccountController->run()
#6 D:\wnmp\htdocs\yiioauth\yii-1.1.10\web\CWebApplication.php(135): CWebApplication->runController()
#7 D:\wnmp\htdocs\yiioauth\yii-1.1.10\base\CApplication.php(162): CWebApplication->processRequest()
#8 D:\wnmp\htdocs\yiioauth\index.php(13): CWebApplication->run()
REQUEST_URI=/yiioauth/index.php?r=account/callback&platform=sina&oauth_token=61bfa72c5e2699cf4c955d43f23e95de&oauth_verifier=235216
in D:\wnmp\htdocs\yiioauth\protected\components\opent\oauth1\WeiboOauth.php (178)
in D:\wnmp\htdocs\yiioauth\protected\controllers\AccountController.php (36)
in D:\wnmp\htdocs\yiioauth\index.php (13)
2012/04/14 21:32:31 [error] [php] Undefined index: oauth_token (D:\wnmp\htdocs\yiioauth\protected\components\opent\oauth1\WeiboOauth.php:178)
Stack trace:
#0 D:\wnmp\htdocs\yiioauth\yii-1.1.10\web\actions\CAction.php(107): ReflectionMethod->invokeArgs()
#1 D:\wnmp\htdocs\yiioauth\yii-1.1.10\web\actions\CInlineAction.php(48): CInlineAction->runWithParamsInternal()
#2 D:\wnmp\htdocs\yiioauth\yii-1.1.10\web\CController.php(309): CInlineAction->runWithParams()
#3 D:\wnmp\htdocs\yiioauth\yii-1.1.10\web\CController.php(287): AccountController->runAction()
#4 D:\wnmp\htdocs\yiioauth\yii-1.1.10\web\CController.php(266): AccountController->runActionWithFilters()
#5 D:\wnmp\htdocs\yiioauth\yii-1.1.10\web\CWebApplication.php(276): AccountController->run()
#6 D:\wnmp\htdocs\yiioauth\yii-1.1.10\web\CWebApplication.php(135): CWebApplication->runController()
#7 D:\wnmp\htdocs\yiioauth\yii-1.1.10\base\CApplication.php(162): CWebApplication->processRequest()
#8 D:\wnmp\htdocs\yiioauth\index.php(13): CWebApplication->run()
REQUEST_URI=/yiioauth/index.php?r=account/callback&platform=sina&oauth_token=61bfa72c5e2699cf4c955d43f23e95de&oauth_verifier=235216
in D:\wnmp\htdocs\yiioauth\protected\components\opent\oauth1\WeiboOauth.php (178)
in D:\wnmp\htdocs\yiioauth\protected\controllers\AccountController.php (36)
in D:\wnmp\htdocs\yiioauth\index.php (13)
2012/04/14 21:32:48 [error] [php] Undefined index: oauth_token (D:\wnmp\htdocs\yiioauth\protected\components\opent\oauth1\WeiboOauth.php:178)
Stack trace:
#0 D:\wnmp\htdocs\yiioauth\yii-1.1.10\web\actions\CAction.php(107): ReflectionMethod->invokeArgs()
#1 D:\wnmp\htdocs\yiioauth\yii-1.1.10\web\actions\CInlineAction.php(48): CInlineAction->runWithParamsInternal()
#2 D:\wnmp\htdocs\yiioauth\yii-1.1.10\web\CController.php(309): CInlineAction->runWithParams()
#3 D:\wnmp\htdocs\yiioauth\yii-1.1.10\web\CController.php(287): AccountController->runAction()
#4 D:\wnmp\htdocs\yiioauth\yii-1.1.10\web\CController.php(266): AccountController->runActionWithFilters()
#5 D:\wnmp\htdocs\yiioauth\yii-1.1.10\web\CWebApplication.php(276): AccountController->run()
#6 D:\wnmp\htdocs\yiioauth\yii-1.1.10\web\CWebApplication.php(135): CWebApplication->runController()
#7 D:\wnmp\htdocs\yiioauth\yii-1.1.10\base\CApplication.php(162): CWebApplication->processRequest()
#8 D:\wnmp\htdocs\yiioauth\index.php(13): CWebApplication->run()
REQUEST_URI=/yiioauth/index.php?r=account/callback&platform=sina&oauth_token=61bfa72c5e2699cf4c955d43f23e95de&oauth_verifier=235216
in D:\wnmp\htdocs\yiioauth\protected\components\opent\oauth1\WeiboOauth.php (178)
in D:\wnmp\htdocs\yiioauth\protected\controllers\AccountController.php (36)
in D:\wnmp\htdocs\yiioauth\index.php (13)
2012/04/14 21:51:57 [error] [php] Undefined index:  (D:\wnmp\htdocs\yiioauth\protected\controllers\AccountController.php:15)
Stack trace:
#0 D:\wnmp\htdocs\yiioauth\yii-1.1.10\web\actions\CInlineAction.php(48): CInlineAction->runWithParamsInternal()
#1 D:\wnmp\htdocs\yiioauth\yii-1.1.10\web\CController.php(309): CInlineAction->runWithParams()
#2 D:\wnmp\htdocs\yiioauth\yii-1.1.10\web\CController.php(287): AccountController->runAction()
#3 D:\wnmp\htdocs\yiioauth\yii-1.1.10\web\CController.php(266): AccountController->runActionWithFilters()
#4 D:\wnmp\htdocs\yiioauth\yii-1.1.10\web\CWebApplication.php(276): AccountController->run()
#5 D:\wnmp\htdocs\yiioauth\yii-1.1.10\web\CWebApplication.php(135): CWebApplication->runController()
#6 D:\wnmp\htdocs\yiioauth\yii-1.1.10\base\CApplication.php(162): CWebApplication->processRequest()
#7 D:\wnmp\htdocs\yiioauth\index.php(13): CWebApplication->run()
REQUEST_URI=/yiioauth/index.php?r=account/loginpage
in D:\wnmp\htdocs\yiioauth\protected\controllers\AccountController.php (15)
in D:\wnmp\htdocs\yiioauth\index.php (13)
2012/04/14 21:52:29 [error] [php] Undefined index: oauth_token (D:\wnmp\htdocs\yiioauth\protected\components\opent\oauth1\WeiboOauth.php:142)
Stack trace:
#0 D:\wnmp\htdocs\yiioauth\yii-1.1.10\web\actions\CAction.php(107): ReflectionMethod->invokeArgs()
#1 D:\wnmp\htdocs\yiioauth\yii-1.1.10\web\actions\CInlineAction.php(48): CInlineAction->runWithParamsInternal()
#2 D:\wnmp\htdocs\yiioauth\yii-1.1.10\web\CController.php(309): CInlineAction->runWithParams()
#3 D:\wnmp\htdocs\yiioauth\yii-1.1.10\web\CController.php(287): AccountController->runAction()
#4 D:\wnmp\htdocs\yiioauth\yii-1.1.10\web\CController.php(266): AccountController->runActionWithFilters()
#5 D:\wnmp\htdocs\yiioauth\yii-1.1.10\web\CWebApplication.php(276): AccountController->run()
#6 D:\wnmp\htdocs\yiioauth\yii-1.1.10\web\CWebApplication.php(135): CWebApplication->runController()
#7 D:\wnmp\htdocs\yiioauth\yii-1.1.10\base\CApplication.php(162): CWebApplication->processRequest()
#8 D:\wnmp\htdocs\yiioauth\index.php(13): CWebApplication->run()
REQUEST_URI=/yiioauth/index.php?r=account/loginpage&platform=sohu
in D:\wnmp\htdocs\yiioauth\protected\components\opent\oauth1\WeiboOauth.php (142)
in D:\wnmp\htdocs\yiioauth\protected\controllers\AccountController.php (19)
in D:\wnmp\htdocs\yiioauth\index.php (13)
2012/04/14 21:54:26 [error] [php] A non well formed numeric value encountered (D:\wnmp\htdocs\yiioauth\protected\components\opent\oauth1\WeiboOauth.php:143)
Stack trace:
#0 unknown(0): AccountController->actionLoginPage()
#1 D:\wnmp\htdocs\yiioauth\yii-1.1.10\web\actions\CAction.php(107): ReflectionMethod->invokeArgs()
#2 D:\wnmp\htdocs\yiioauth\yii-1.1.10\web\actions\CInlineAction.php(48): CInlineAction->runWithParamsInternal()
#3 D:\wnmp\htdocs\yiioauth\yii-1.1.10\web\CController.php(309): CInlineAction->runWithParams()
#4 D:\wnmp\htdocs\yiioauth\yii-1.1.10\web\CController.php(287): AccountController->runAction()
#5 D:\wnmp\htdocs\yiioauth\yii-1.1.10\web\CController.php(266): AccountController->runActionWithFilters()
#6 D:\wnmp\htdocs\yiioauth\yii-1.1.10\web\CWebApplication.php(276): AccountController->run()
#7 D:\wnmp\htdocs\yiioauth\yii-1.1.10\web\CWebApplication.php(135): CWebApplication->runController()
#8 D:\wnmp\htdocs\yiioauth\yii-1.1.10\base\CApplication.php(162): CWebApplication->processRequest()
#9 D:\wnmp\htdocs\yiioauth\index.php(13): CWebApplication->run()
REQUEST_URI=/yiioauth/index.php?r=account/loginpage&platform=sohu
in D:\wnmp\htdocs\yiioauth\protected\components\opent\oauth1\WeiboOauth.php (143)
in D:\wnmp\htdocs\yiioauth\protected\controllers\AccountController.php (19)
in D:\wnmp\htdocs\yiioauth\index.php (13)
2012/04/14 21:55:03 [error] [php] A non well formed numeric value encountered (D:\wnmp\htdocs\yiioauth\protected\components\opent\oauth1\WeiboOauth.php:143)
Stack trace:
#0 unknown(0): AccountController->actionLoginPage()
#1 D:\wnmp\htdocs\yiioauth\yii-1.1.10\web\actions\CAction.php(107): ReflectionMethod->invokeArgs()
#2 D:\wnmp\htdocs\yiioauth\yii-1.1.10\web\actions\CInlineAction.php(48): CInlineAction->runWithParamsInternal()
#3 D:\wnmp\htdocs\yiioauth\yii-1.1.10\web\CController.php(309): CInlineAction->runWithParams()
#4 D:\wnmp\htdocs\yiioauth\yii-1.1.10\web\CController.php(287): AccountController->runAction()
#5 D:\wnmp\htdocs\yiioauth\yii-1.1.10\web\CController.php(266): AccountController->runActionWithFilters()
#6 D:\wnmp\htdocs\yiioauth\yii-1.1.10\web\CWebApplication.php(276): AccountController->run()
#7 D:\wnmp\htdocs\yiioauth\yii-1.1.10\web\CWebApplication.php(135): CWebApplication->runController()
#8 D:\wnmp\htdocs\yiioauth\yii-1.1.10\base\CApplication.php(162): CWebApplication->processRequest()
#9 D:\wnmp\htdocs\yiioauth\index.php(13): CWebApplication->run()
REQUEST_URI=/yiioauth/index.php?r=account/loginpage&platform=sohu
in D:\wnmp\htdocs\yiioauth\protected\components\opent\oauth1\WeiboOauth.php (143)
in D:\wnmp\htdocs\yiioauth\protected\controllers\AccountController.php (19)
in D:\wnmp\htdocs\yiioauth\index.php (13)
2012/04/14 21:55:16 [error] [exception.Exception] exception 'Exception' with message '40109:consumer_key_refused!' in D:\wnmp\htdocs\yiioauth\protected\components\opent\oauth1\WeiboOauth.php:143
Stack trace:
#0 D:\wnmp\htdocs\yiioauth\protected\controllers\AccountController.php(19): WeiboOAuth->getRequestToken()
#1 [internal function]: AccountController->actionLoginPage('sohu')
#2 D:\wnmp\htdocs\yiioauth\yii-1.1.10\web\actions\CAction.php(107): ReflectionMethod->invokeArgs(Object(AccountController), Array)
#3 D:\wnmp\htdocs\yiioauth\yii-1.1.10\web\actions\CInlineAction.php(48): CAction->runWithParamsInternal(Object(AccountController), Object(ReflectionMethod), Array)
#4 D:\wnmp\htdocs\yiioauth\yii-1.1.10\web\CController.php(309): CInlineAction->runWithParams(Array)
#5 D:\wnmp\htdocs\yiioauth\yii-1.1.10\web\CController.php(287): CController->runAction(Object(CInlineAction))
#6 D:\wnmp\htdocs\yiioauth\yii-1.1.10\web\CController.php(266): CController->runActionWithFilters(Object(CInlineAction), Array)
#7 D:\wnmp\htdocs\yiioauth\yii-1.1.10\web\CWebApplication.php(276): CController->run('loginpage')
#8 D:\wnmp\htdocs\yiioauth\yii-1.1.10\web\CWebApplication.php(135): CWebApplication->runController('account/loginpa...')
#9 D:\wnmp\htdocs\yiioauth\yii-1.1.10\base\CApplication.php(162): CWebApplication->processRequest()
#10 D:\wnmp\htdocs\yiioauth\index.php(13): CApplication->run()
#11 {main}
REQUEST_URI=/yiioauth/index.php?r=account/loginpage&platform=sohu
---
2012/04/14 21:55:52 [error] [exception.Exception] exception 'Exception' with message '40109:consumer_key_refused!' in D:\wnmp\htdocs\yiioauth\protected\components\opent\oauth1\WeiboOauth.php:143
Stack trace:
#0 D:\wnmp\htdocs\yiioauth\protected\controllers\AccountController.php(20): WeiboOAuth->getRequestToken()
#1 [internal function]: AccountController->actionLoginPage('sohu')
#2 D:\wnmp\htdocs\yiioauth\yii-1.1.10\web\actions\CAction.php(107): ReflectionMethod->invokeArgs(Object(AccountController), Array)
#3 D:\wnmp\htdocs\yiioauth\yii-1.1.10\web\actions\CInlineAction.php(48): CAction->runWithParamsInternal(Object(AccountController), Object(ReflectionMethod), Array)
#4 D:\wnmp\htdocs\yiioauth\yii-1.1.10\web\CController.php(309): CInlineAction->runWithParams(Array)
#5 D:\wnmp\htdocs\yiioauth\yii-1.1.10\web\CController.php(287): CController->runAction(Object(CInlineAction))
#6 D:\wnmp\htdocs\yiioauth\yii-1.1.10\web\CController.php(266): CController->runActionWithFilters(Object(CInlineAction), Array)
#7 D:\wnmp\htdocs\yiioauth\yii-1.1.10\web\CWebApplication.php(276): CController->run('loginpage')
#8 D:\wnmp\htdocs\yiioauth\yii-1.1.10\web\CWebApplication.php(135): CWebApplication->runController('account/loginpa...')
#9 D:\wnmp\htdocs\yiioauth\yii-1.1.10\base\CApplication.php(162): CWebApplication->processRequest()
#10 D:\wnmp\htdocs\yiioauth\index.php(13): CApplication->run()
#11 {main}
REQUEST_URI=/yiioauth/index.php?r=account/loginpage&platform=sohu
---
2012/04/14 22:13:14 [error] [php] Undefined offset: 864544662 (D:\wnmp\htdocs\yiioauth\protected\components\opent\oauth1\WeiboOauth.php:120)
Stack trace:
#0 D:\wnmp\htdocs\yiioauth\protected\controllers\SiteController.php(33): OpentSina->__construct()
#1 D:\wnmp\htdocs\yiioauth\yii-1.1.10\web\actions\CInlineAction.php(50): SiteController->actionIndex()
#2 D:\wnmp\htdocs\yiioauth\yii-1.1.10\web\CController.php(309): CInlineAction->runWithParams()
#3 D:\wnmp\htdocs\yiioauth\yii-1.1.10\web\CController.php(287): SiteController->runAction()
#4 D:\wnmp\htdocs\yiioauth\yii-1.1.10\web\CController.php(266): SiteController->runActionWithFilters()
#5 D:\wnmp\htdocs\yiioauth\yii-1.1.10\web\CWebApplication.php(276): SiteController->run()
#6 D:\wnmp\htdocs\yiioauth\yii-1.1.10\web\CWebApplication.php(135): CWebApplication->runController()
#7 D:\wnmp\htdocs\yiioauth\yii-1.1.10\base\CApplication.php(162): CWebApplication->processRequest()
#8 D:\wnmp\htdocs\yiioauth\index.php(13): CWebApplication->run()
REQUEST_URI=/yiioauth/index.php?r=site/index
in D:\wnmp\htdocs\yiioauth\protected\components\opent\oauth1\WeiboOauth.php (120)
in D:\wnmp\htdocs\yiioauth\protected\components\opent\oauth1\WeiboClient.php (23)
in D:\wnmp\htdocs\yiioauth\protected\components\opent\OpentSina.php (19)
2012/04/14 22:14:18 [error] [php] Missing argument 4 for WeiboClient::__construct(), called in D:\wnmp\htdocs\yiioauth\protected\components\opent\OpentSina.php on line 17 and defined (D:\wnmp\htdocs\yiioauth\protected\components\opent\oauth1\WeiboClient.php:21)
Stack trace:
#0 D:\wnmp\htdocs\yiioauth\yii-1.1.10\web\actions\CInlineAction.php(50): SiteController->actionIndex()
#1 D:\wnmp\htdocs\yiioauth\yii-1.1.10\web\CController.php(309): CInlineAction->runWithParams()
#2 D:\wnmp\htdocs\yiioauth\yii-1.1.10\web\CController.php(287): SiteController->runAction()
#3 D:\wnmp\htdocs\yiioauth\yii-1.1.10\web\CController.php(266): SiteController->runActionWithFilters()
#4 D:\wnmp\htdocs\yiioauth\yii-1.1.10\web\CWebApplication.php(276): SiteController->run()
#5 D:\wnmp\htdocs\yiioauth\yii-1.1.10\web\CWebApplication.php(135): CWebApplication->runController()
#6 D:\wnmp\htdocs\yiioauth\yii-1.1.10\base\CApplication.php(162): CWebApplication->processRequest()
#7 D:\wnmp\htdocs\yiioauth\index.php(13): CWebApplication->run()
REQUEST_URI=/yiioauth/index.php?r=site/index
in D:\wnmp\htdocs\yiioauth\protected\components\opent\oauth1\WeiboClient.php (21)
in D:\wnmp\htdocs\yiioauth\protected\components\opent\OpentSina.php (17)
in D:\wnmp\htdocs\yiioauth\protected\controllers\SiteController.php (33)
